PhyEntity:SetOwner(0x55e160eef9e0, 0x55e160f06830)
[index=0][channel=1][band=2.4GHz] PhyEntity:SetOwner(0x55e160eef9e0, 0x55e160f06830)
PhyEntity:SetOwner(0x55e160ea1bb0, 0x55e160efdb70)
[index=0][channel=1][band=2.4GHz] PhyEntity:SetOwner(0x55e160ea1bb0, 0x55e160efdb70)
PhyEntity:SetOwner(0x55e160effdd0, 0x55e160f36ee0)
[index=0][channel=1][band=2.4GHz] PhyEntity:SetOwner(0x55e160effdd0, 0x55e160f36ee0)
 >           +1000ms    [ 0]  >> SEND: #0:0 :OK
[index=0][channel=1][band=2.4GHz] PhyEntity:ObtainNextUid(0x55e160eef9e0)
[index=0][channel=1][band=2.4GHz] PhyEntity:StartReceivePreamble(0x55e160ea1bb0, [ preamble=LONG, modulation=DSSS, truncatedTx=N, UID=0, PSDU=0x55e160eecba0 ], 1.32342e-09)
[index=0][channel=1][band=2.4GHz] PhyEntity:AddPreambleEvent(0x55e160ea1bb0, start=+1.00005e+09ns, end=+1.00064e+09ns, power=1.32342e-09W, PPDU=[ preamble=LONG, modulation=DSSS, truncatedTx=N, UID=0, PSDU=0x55e160eecba0 ])
[index=0][channel=1][band=2.4GHz] PhyEntity:StartPreambleDetectionPeriod(0x55e160ea1bb0, start=+1.00005e+09ns, end=+1.00064e+09ns, power=1.32342e-09W, PPDU=[ preamble=LONG, modulation=DSSS, truncatedTx=N, UID=0, PSDU=0x55e160eecba0 ])
[index=0][channel=1][band=2.4GHz] Sync to signal (power=-58.783dBm)
[index=0][channel=1][band=2.4GHz] PhyEntity:StartReceivePreamble(0x55e160effdd0, [ preamble=LONG, modulation=DSSS, truncatedTx=N, UID=0, PSDU=0x55e160eecba0 ], 1.32342e-09)
[index=0][channel=1][band=2.4GHz] PhyEntity:AddPreambleEvent(0x55e160effdd0, start=+1.00005e+09ns, end=+1.00064e+09ns, power=1.32342e-09W, PPDU=[ preamble=LONG, modulation=DSSS, truncatedTx=N, UID=0, PSDU=0x55e160eecba0 ])
[index=0][channel=1][band=2.4GHz] PhyEntity:StartPreambleDetectionPeriod(0x55e160effdd0, start=+1.00005e+09ns, end=+1.00064e+09ns, power=1.32342e-09W, PPDU=[ preamble=LONG, modulation=DSSS, truncatedTx=N, UID=0, PSDU=0x55e160eecba0 ])
[index=0][channel=1][band=2.4GHz] Sync to signal (power=-58.783dBm)
[index=0][channel=1][band=2.4GHz] PhyEntity:EndPreambleDetectionPeriod(0x55e160ea1bb0, start=+1.00005e+09ns, end=+1.00064e+09ns, power=1.32342e-09W, PPDU=[ preamble=LONG, modulation=DSSS, truncatedTx=N, UID=0, PSDU=0x55e160eecba0 ])
[index=0][channel=1][band=2.4GHz] SNR(dB)=35.183 at end of preamble detection period
[index=0][channel=1][band=2.4GHz] PhyEntity:CancelRunningEndPreambleDetectionEvents(0x55e160ea1bb0)
[index=0][channel=1][band=2.4GHz] PhyEntity:CancelRunningEndPreambleDetectionEvents(0x55e160ea1bb0)
[index=0][channel=1][band=2.4GHz] PhyEntity:NotifyCcaBusy(0x55e160ea1bb0, +140000ns, PRIMARY)
[index=0][channel=1][band=2.4GHz] CCA busy for PRIMARY during +0.00014s
[index=0][channel=1][band=2.4GHz] PhyEntity:EndPreambleDetectionPeriod(0x55e160effdd0, start=+1.00005e+09ns, end=+1.00064e+09ns, power=1.32342e-09W, PPDU=[ preamble=LONG, modulation=DSSS, truncatedTx=N, UID=0, PSDU=0x55e160eecba0 ])
[index=0][channel=1][band=2.4GHz] SNR(dB)=35.183 at end of preamble detection period
[index=0][channel=1][band=2.4GHz] PhyEntity:CancelRunningEndPreambleDetectionEvents(0x55e160effdd0)
[index=0][channel=1][band=2.4GHz] PhyEntity:CancelRunningEndPreambleDetectionEvents(0x55e160effdd0)
[index=0][channel=1][band=2.4GHz] PhyEntity:NotifyCcaBusy(0x55e160effdd0, +140000ns, PRIMARY)
[index=0][channel=1][band=2.4GHz] CCA busy for PRIMARY during +0.00014s
[index=0][channel=1][band=2.4GHz] PhyEntity:EndReceiveField(0x55e160ea1bb0, preamble, start=+1.00005e+09ns, end=+1.00064e+09ns, power=1.32342e-09W, PPDU=[ preamble=LONG, modulation=DSSS, truncatedTx=N, UID=0, PSDU=0x55e160eecba0 ])
[index=0][channel=1][band=2.4GHz] PhyEntity:DoEndReceiveField(0x55e160ea1bb0, preamble, start=+1.00005e+09ns, end=+1.00064e+09ns, power=1.32342e-09W, PPDU=[ preamble=LONG, modulation=DSSS, truncatedTx=N, UID=0, PSDU=0x55e160eecba0 ])
[index=0][channel=1][band=2.4GHz] PhyEntity:DoEndReceivePreamble(0x55e160ea1bb0, start=+1.00005e+09ns, end=+1.00064e+09ns, power=1.32342e-09W, PPDU=[ preamble=LONG, modulation=DSSS, truncatedTx=N, UID=0, PSDU=0x55e160eecba0 ])
[index=0][channel=1][band=2.4GHz] PhyEntity:StartReceiveField(0x55e160ea1bb0, non-HT header, start=+1.00005e+09ns, end=+1.00064e+09ns, power=1.32342e-09W, PPDU=[ preamble=LONG, modulation=DSSS, truncatedTx=N, UID=0, PSDU=0x55e160eecba0 ])
[index=0][channel=1][band=2.4GHz] PhyEntity:DoStartReceiveField(0x55e160ea1bb0, non-HT header, start=+1.00005e+09ns, end=+1.00064e+09ns, power=1.32342e-09W, PPDU=[ preamble=LONG, modulation=DSSS, truncatedTx=N, UID=0, PSDU=0x55e160eecba0 ])
[index=0][channel=1][band=2.4GHz] PhyEntity:NotifyCcaBusy(0x55e160ea1bb0, +48000ns, PRIMARY)
[index=0][channel=1][band=2.4GHz] CCA busy for PRIMARY during +4.8e-05s
[index=0][channel=1][band=2.4GHz] PhyEntity:EndReceiveField(0x55e160effdd0, preamble, start=+1.00005e+09ns, end=+1.00064e+09ns, power=1.32342e-09W, PPDU=[ preamble=LONG, modulation=DSSS, truncatedTx=N, UID=0, PSDU=0x55e160eecba0 ])
[index=0][channel=1][band=2.4GHz] PhyEntity:DoEndReceiveField(0x55e160effdd0, preamble, start=+1.00005e+09ns, end=+1.00064e+09ns, power=1.32342e-09W, PPDU=[ preamble=LONG, modulation=DSSS, truncatedTx=N, UID=0, PSDU=0x55e160eecba0 ])
[index=0][channel=1][band=2.4GHz] PhyEntity:DoEndReceivePreamble(0x55e160effdd0, start=+1.00005e+09ns, end=+1.00064e+09ns, power=1.32342e-09W, PPDU=[ preamble=LONG, modulation=DSSS, truncatedTx=N, UID=0, PSDU=0x55e160eecba0 ])
[index=0][channel=1][band=2.4GHz] PhyEntity:StartReceiveField(0x55e160effdd0, non-HT header, start=+1.00005e+09ns, end=+1.00064e+09ns, power=1.32342e-09W, PPDU=[ preamble=LONG, modulation=DSSS, truncatedTx=N, UID=0, PSDU=0x55e160eecba0 ])
[index=0][channel=1][band=2.4GHz] PhyEntity:DoStartReceiveField(0x55e160effdd0, non-HT header, start=+1.00005e+09ns, end=+1.00064e+09ns, power=1.32342e-09W, PPDU=[ preamble=LONG, modulation=DSSS, truncatedTx=N, UID=0, PSDU=0x55e160eecba0 ])
[index=0][channel=1][band=2.4GHz] PhyEntity:NotifyCcaBusy(0x55e160effdd0, +48000ns, PRIMARY)
[index=0][channel=1][band=2.4GHz] CCA busy for PRIMARY during +4.8e-05s
[index=0][channel=1][band=2.4GHz] PhyEntity:EndReceiveField(0x55e160ea1bb0, non-HT header, start=+1.00005e+09ns, end=+1.00064e+09ns, power=1.32342e-09W, PPDU=[ preamble=LONG, modulation=DSSS, truncatedTx=N, UID=0, PSDU=0x55e160eecba0 ])
[index=0][channel=1][band=2.4GHz] PhyEntity:StartReceiveField(0x55e160ea1bb0, data, start=+1.00005e+09ns, end=+1.00064e+09ns, power=1.32342e-09W, PPDU=[ preamble=LONG, modulation=DSSS, truncatedTx=N, UID=0, PSDU=0x55e160eecba0 ])
[index=0][channel=1][band=2.4GHz] PhyEntity:StartReceivePayload(0x55e160ea1bb0, start=+1.00005e+09ns, end=+1.00064e+09ns, power=1.32342e-09W, PPDU=[ preamble=LONG, modulation=DSSS, truncatedTx=N, UID=0, PSDU=0x55e160eecba0 ])
[index=0][channel=1][band=2.4GHz] PhyEntity:DoStartReceivePayload(0x55e160ea1bb0, start=+1.00005e+09ns, end=+1.00064e+09ns, power=1.32342e-09W, PPDU=[ preamble=LONG, modulation=DSSS, truncatedTx=N, UID=0, PSDU=0x55e160eecba0 ])
[index=0][channel=1][band=2.4GHz] Receiving PSDU
[index=0][channel=1][band=2.4GHz] PhyEntity:ScheduleEndOfMpdus(0x55e160ea1bb0, start=+1.00005e+09ns, end=+1.00064e+09ns, power=1.32342e-09W, PPDU=[ preamble=LONG, modulation=DSSS, truncatedTx=N, UID=0, PSDU=0x55e160eecba0 ])
[index=0][channel=1][band=2.4GHz] Schedule end of MPDU #0 in +400000ns (relativeStart=+0ns, mpduDuration=+400000ns, remainingAmdpuDuration=+0ns)
[index=0][channel=1][band=2.4GHz] PhyEntity:EndReceiveField(0x55e160effdd0, non-HT header, start=+1.00005e+09ns, end=+1.00064e+09ns, power=1.32342e-09W, PPDU=[ preamble=LONG, modulation=DSSS, truncatedTx=N, UID=0, PSDU=0x55e160eecba0 ])
[index=0][channel=1][band=2.4GHz] PhyEntity:StartReceiveField(0x55e160effdd0, data, start=+1.00005e+09ns, end=+1.00064e+09ns, power=1.32342e-09W, PPDU=[ preamble=LONG, modulation=DSSS, truncatedTx=N, UID=0, PSDU=0x55e160eecba0 ])
[index=0][channel=1][band=2.4GHz] PhyEntity:StartReceivePayload(0x55e160effdd0, start=+1.00005e+09ns, end=+1.00064e+09ns, power=1.32342e-09W, PPDU=[ preamble=LONG, modulation=DSSS, truncatedTx=N, UID=0, PSDU=0x55e160eecba0 ])
[index=0][channel=1][band=2.4GHz] PhyEntity:DoStartReceivePayload(0x55e160effdd0, start=+1.00005e+09ns, end=+1.00064e+09ns, power=1.32342e-09W, PPDU=[ preamble=LONG, modulation=DSSS, truncatedTx=N, UID=0, PSDU=0x55e160eecba0 ])
[index=0][channel=1][band=2.4GHz] Receiving PSDU
[index=0][channel=1][band=2.4GHz] PhyEntity:ScheduleEndOfMpdus(0x55e160effdd0, start=+1.00005e+09ns, end=+1.00064e+09ns, power=1.32342e-09W, PPDU=[ preamble=LONG, modulation=DSSS, truncatedTx=N, UID=0, PSDU=0x55e160eecba0 ])
[index=0][channel=1][band=2.4GHz] Schedule end of MPDU #0 in +400000ns (relativeStart=+0ns, mpduDuration=+400000ns, remainingAmdpuDuration=+0ns)
[index=0][channel=1][band=2.4GHz] PhyEntity:CancelAllEvents(0x55e160eef9e0)
[index=0][channel=1][band=2.4GHz] PhyEntity:CancelRunningEndPreambleDetectionEvents(0x55e160eef9e0)
[index=0][channel=1][band=2.4GHz] PhyEntity:CancelAllEvents(0x55e160eef9e0)
[index=0][channel=1][band=2.4GHz] PhyEntity:CancelRunningEndPreambleDetectionEvents(0x55e160eef9e0)
[index=0][channel=1][band=2.4GHz] PhyEntity:GetCcaIndication(0x55e160eef9e0, 22)
[index=0][channel=1][band=2.4GHz] PhyEntity:EndOfMpdu(0x55e160ea1bb0, start=+1.00005e+09ns, end=+1.00064e+09ns, power=1.32342e-09W, PPDU=[ preamble=LONG, modulation=DSSS, truncatedTx=N, UID=0, PSDU=0x55e160eecba0 ], 0, +0ns, +400000ns)
[index=0][channel=1][band=2.4GHz] PhyEntity:GetReceptionStatus(0x55e160ea1bb0, size=50, normal MPDU (DATA, payloadSize=22, to=ff:ff:ff:ff:ff:ff, seqN=0, duration/ID=+0ns, queued=false, packet=0x55e160f37b20), start=+1.00005e+09ns, end=+1.00064e+09ns, power=1.32342e-09W, PPDU=[ preamble=LONG, modulation=DSSS, truncatedTx=N, UID=0, PSDU=0x55e160eecba0 ], 65535, +0ns, +400000ns)
[index=0][channel=1][band=2.4GHz] rate=1000000, SNR(dB)=35.183, PER=0, size=50, relativeStart = +0ns, duration = +400000ns
[index=0][channel=1][band=2.4GHz] Reception succeeded: 0x55e160f00b30
[index=0][channel=1][band=2.4GHz] Extracted MPDU #0: duration: +400000ns, correct reception: true, Signal/Noise: -58.783/-93.966dBm
[index=0][channel=1][band=2.4GHz] PhyEntity:EndReceivePayload(0x55e160ea1bb0, start=+1.00005e+09ns, end=+1.00064e+09ns, power=1.32342e-09W, PPDU=[ preamble=LONG, modulation=DSSS, truncatedTx=N, UID=0, PSDU=0x55e160eecba0 ], +400000ns)
[index=0][channel=1][band=2.4GHz] PhyEntity:RxPayloadSucceeded(0x55e160ea1bb0, size=50, normal MPDU (DATA, payloadSize=22, to=ff:ff:ff:ff:ff:ff, seqN=0, duration/ID=+0ns, queued=false, packet=0x55e160f37b20), txpwrlvl: 0 preamble: LONG channel width: 22 GI: 800 NTx: 1 Ness: 0 MPDU aggregation: false STBC: false FEC coding: BCC mode: DsssRate1Mbps Nss: 1)
[index=0][channel=1][band=2.4GHz] PhyEntity:DoEndReceivePayload(0x55e160ea1bb0, [ preamble=LONG, modulation=DSSS, truncatedTx=N, UID=0, PSDU=0x55e160eecba0 ])
[index=0][channel=1][band=2.4GHz] PhyEntity:GetCcaIndication(0x55e160ea1bb0, 20)
[index=0][channel=1][band=2.4GHz] PhyEntity:GetCcaIndication(0x55e160ea1bb0, 22)
 >        +1000.64ms    [ 1]  << RECV: #0:0
[index=0][channel=1][band=2.4GHz] PhyEntity:EndOfMpdu(0x55e160effdd0, start=+1.00005e+09ns, end=+1.00064e+09ns, power=1.32342e-09W, PPDU=[ preamble=LONG, modulation=DSSS, truncatedTx=N, UID=0, PSDU=0x55e160eecba0 ], 0, +0ns, +400000ns)
[index=0][channel=1][band=2.4GHz] PhyEntity:GetReceptionStatus(0x55e160effdd0, size=50, normal MPDU (DATA, payloadSize=22, to=ff:ff:ff:ff:ff:ff, seqN=0, duration/ID=+0ns, queued=false, packet=0x55e160f37b20), start=+1.00005e+09ns, end=+1.00064e+09ns, power=1.32342e-09W, PPDU=[ preamble=LONG, modulation=DSSS, truncatedTx=N, UID=0, PSDU=0x55e160eecba0 ], 65535, +0ns, +400000ns)
[index=0][channel=1][band=2.4GHz] rate=1000000, SNR(dB)=35.183, PER=0, size=50, relativeStart = +0ns, duration = +400000ns
[index=0][channel=1][band=2.4GHz] Reception succeeded: 0x55e160f42510
[index=0][channel=1][band=2.4GHz] Extracted MPDU #0: duration: +400000ns, correct reception: true, Signal/Noise: -58.783/-93.966dBm
[index=0][channel=1][band=2.4GHz] PhyEntity:EndReceivePayload(0x55e160effdd0, start=+1.00005e+09ns, end=+1.00064e+09ns, power=1.32342e-09W, PPDU=[ preamble=LONG, modulation=DSSS, truncatedTx=N, UID=0, PSDU=0x55e160eecba0 ], +400000ns)
[index=0][channel=1][band=2.4GHz] PhyEntity:RxPayloadSucceeded(0x55e160effdd0, size=50, normal MPDU (DATA, payloadSize=22, to=ff:ff:ff:ff:ff:ff, seqN=0, duration/ID=+0ns, queued=false, packet=0x55e160f37b20), txpwrlvl: 0 preamble: LONG channel width: 22 GI: 800 NTx: 1 Ness: 0 MPDU aggregation: false STBC: false FEC coding: BCC mode: DsssRate1Mbps Nss: 1)
[index=0][channel=1][band=2.4GHz] PhyEntity:DoEndReceivePayload(0x55e160effdd0, [ preamble=LONG, modulation=DSSS, truncatedTx=N, UID=0, PSDU=0x55e160eecba0 ])
[index=0][channel=1][band=2.4GHz] PhyEntity:GetCcaIndication(0x55e160effdd0, 20)
[index=0][channel=1][band=2.4GHz] PhyEntity:GetCcaIndication(0x55e160effdd0, 22)
 >        +1000.64ms    [ 2]  << RECV: #0:0
 >        +2000.64ms    [ 1]  >> SEND: #1:0 :OK
 >        +2000.64ms    [ 2]  >> SEND: #2:0 :OK
[index=0][channel=1][band=2.4GHz] PhyEntity:ObtainNextUid(0x55e160ea1bb0)
[index=0][channel=1][band=2.4GHz] PhyEntity:ObtainNextUid(0x55e160effdd0)
[index=0][channel=1][band=2.4GHz] PhyEntity:StartReceivePreamble(0x55e160eef9e0, [ preamble=LONG, modulation=DSSS, truncatedTx=N, UID=1, PSDU=0x55e160f42550 ], 1.32342e-09)
[index=0][channel=1][band=2.4GHz] PhyEntity:AddPreambleEvent(0x55e160eef9e0, start=+2.00069e+09ns, end=+2.00128e+09ns, power=1.32342e-09W, PPDU=[ preamble=LONG, modulation=DSSS, truncatedTx=N, UID=1, PSDU=0x55e160f42550 ])
[index=0][channel=1][band=2.4GHz] PhyEntity:StartPreambleDetectionPeriod(0x55e160eef9e0, start=+2.00069e+09ns, end=+2.00128e+09ns, power=1.32342e-09W, PPDU=[ preamble=LONG, modulation=DSSS, truncatedTx=N, UID=1, PSDU=0x55e160f42550 ])
[index=0][channel=1][band=2.4GHz] Sync to signal (power=-58.783dBm)
[index=0][channel=1][band=2.4GHz] PhyEntity:StartReceivePreamble(0x55e160effdd0, [ preamble=LONG, modulation=DSSS, truncatedTx=N, UID=1, PSDU=0x55e160f42550 ], 1.32342e-09)
[index=0][channel=1][band=2.4GHz] PhyEntity:AddPreambleEvent(0x55e160effdd0, start=+2.00069e+09ns, end=+2.00128e+09ns, power=1.32342e-09W, PPDU=[ preamble=LONG, modulation=DSSS, truncatedTx=N, UID=1, PSDU=0x55e160f42550 ])
[index=0][channel=1][band=2.4GHz] Drop packet because already in Tx
[index=0][channel=1][band=2.4GHz] PhyEntity:DropPreambleEvent(0x55e160effdd0, [ preamble=LONG, modulation=DSSS, truncatedTx=N, UID=1, PSDU=0x55e160f42550 ], TXING, +2.00128e+09ns)
[index=0][channel=1][band=2.4GHz] PhyEntity:GetCcaIndication(0x55e160effdd0, 20)
[index=0][channel=1][band=2.4GHz] CCA busy for PRIMARY during +0.000592s
[index=0][channel=1][band=2.4GHz] PhyEntity:StartReceivePreamble(0x55e160eef9e0, [ preamble=LONG, modulation=DSSS, truncatedTx=N, UID=2, PSDU=0x55e160f43540 ], 1.32342e-09)
[index=0][channel=1][band=2.4GHz] PhyEntity:AddPreambleEvent(0x55e160eef9e0, start=+2.00069e+09ns, end=+2.00128e+09ns, power=1.32342e-09W, PPDU=[ preamble=LONG, modulation=DSSS, truncatedTx=N, UID=2, PSDU=0x55e160f43540 ])
[index=0][channel=1][band=2.4GHz] PhyEntity:StartPreambleDetectionPeriod(0x55e160eef9e0, start=+2.00069e+09ns, end=+2.00128e+09ns, power=1.32342e-09W, PPDU=[ preamble=LONG, modulation=DSSS, truncatedTx=N, UID=2, PSDU=0x55e160f43540 ])
[index=0][channel=1][band=2.4GHz] Sync to signal (power=-58.783dBm)
[index=0][channel=1][band=2.4GHz] PhyEntity:StartReceivePreamble(0x55e160ea1bb0, [ preamble=LONG, modulation=DSSS, truncatedTx=N, UID=2, PSDU=0x55e160f43540 ], 1.32342e-09)
[index=0][channel=1][band=2.4GHz] PhyEntity:AddPreambleEvent(0x55e160ea1bb0, start=+2.00069e+09ns, end=+2.00128e+09ns, power=1.32342e-09W, PPDU=[ preamble=LONG, modulation=DSSS, truncatedTx=N, UID=2, PSDU=0x55e160f43540 ])
[index=0][channel=1][band=2.4GHz] Drop packet because already in Tx
[index=0][channel=1][band=2.4GHz] PhyEntity:DropPreambleEvent(0x55e160ea1bb0, [ preamble=LONG, modulation=DSSS, truncatedTx=N, UID=2, PSDU=0x55e160f43540 ], TXING, +2.00128e+09ns)
[index=0][channel=1][band=2.4GHz] PhyEntity:GetCcaIndication(0x55e160ea1bb0, 20)
[index=0][channel=1][band=2.4GHz] CCA busy for PRIMARY during +0.000592s
[index=0][channel=1][band=2.4GHz] PhyEntity:EndPreambleDetectionPeriod(0x55e160eef9e0, start=+2.00069e+09ns, end=+2.00128e+09ns, power=1.32342e-09W, PPDU=[ preamble=LONG, modulation=DSSS, truncatedTx=N, UID=1, PSDU=0x55e160f42550 ])
[index=0][channel=1][band=2.4GHz] SNR(dB)=-0.0013165 at end of preamble detection period
[index=0][channel=1][band=2.4GHz] Drop packet because PHY preamble detection failed
[index=0][channel=1][band=2.4GHz] PhyEntity:DropPreambleEvent(0x55e160eef9e0, [ preamble=LONG, modulation=DSSS, truncatedTx=N, UID=1, PSDU=0x55e160f42550 ], PREAMBLE_DETECT_FAILURE, +2.00128e+09ns)
[index=0][channel=1][band=2.4GHz] PhyEntity:GetCcaIndication(0x55e160eef9e0, 20)
[index=0][channel=1][band=2.4GHz] CCA busy for PRIMARY during +0.000588s
[index=0][channel=1][band=2.4GHz] PhyEntity:EndPreambleDetectionPeriod(0x55e160eef9e0, start=+2.00069e+09ns, end=+2.00128e+09ns, power=1.32342e-09W, PPDU=[ preamble=LONG, modulation=DSSS, truncatedTx=N, UID=2, PSDU=0x55e160f43540 ])
[index=0][channel=1][band=2.4GHz] SNR(dB)=-0.0013165 at end of preamble detection period
[index=0][channel=1][band=2.4GHz] Drop packet because PHY preamble detection failed
[index=0][channel=1][band=2.4GHz] PhyEntity:DropPreambleEvent(0x55e160eef9e0, [ preamble=LONG, modulation=DSSS, truncatedTx=N, UID=2, PSDU=0x55e160f43540 ], PREAMBLE_DETECT_FAILURE, +2.00128e+09ns)
[index=0][channel=1][band=2.4GHz] PhyEntity:CancelAllEvents(0x55e160ea1bb0)
[index=0][channel=1][band=2.4GHz] PhyEntity:CancelRunningEndPreambleDetectionEvents(0x55e160ea1bb0)
[index=0][channel=1][band=2.4GHz] PhyEntity:CancelAllEvents(0x55e160ea1bb0)
[index=0][channel=1][band=2.4GHz] PhyEntity:CancelRunningEndPreambleDetectionEvents(0x55e160ea1bb0)
[index=0][channel=1][band=2.4GHz] PhyEntity:GetCcaIndication(0x55e160ea1bb0, 22)
[index=0][channel=1][band=2.4GHz] CCA busy for PRIMARY during +2.9e-08s
[index=0][channel=1][band=2.4GHz] PhyEntity:CancelAllEvents(0x55e160effdd0)
[index=0][channel=1][band=2.4GHz] PhyEntity:CancelRunningEndPreambleDetectionEvents(0x55e160effdd0)
[index=0][channel=1][band=2.4GHz] PhyEntity:CancelAllEvents(0x55e160effdd0)
[index=0][channel=1][band=2.4GHz] PhyEntity:CancelRunningEndPreambleDetectionEvents(0x55e160effdd0)
[index=0][channel=1][band=2.4GHz] PhyEntity:GetCcaIndication(0x55e160effdd0, 22)
[index=0][channel=1][band=2.4GHz] CCA busy for PRIMARY during +2.9e-08s
[index=0][channel=1][band=2.4GHz] PhyEntity:CancelAllEvents(0x55e160eef9e0)
[index=0][channel=1][band=2.4GHz] PhyEntity:CancelRunningEndPreambleDetectionEvents(0x55e160eef9e0)
[index=0][channel=1][band=2.4GHz] PhyEntity:CancelAllEvents(0x55e160eef9e0)
[index=0][channel=1][band=2.4GHz] PhyEntity:CancelRunningEndPreambleDetectionEvents(0x55e160eef9e0)
[index=0][channel=1][band=2.4GHz] PhyEntity:~PhyEntity(0x55e160eef9e0)
[index=0][channel=1][band=2.4GHz] PhyEntity:CancelAllEvents(0x55e160eef9e0)
[index=0][channel=1][band=2.4GHz] PhyEntity:CancelRunningEndPreambleDetectionEvents(0x55e160eef9e0)
[index=0][channel=1][band=2.4GHz] PhyEntity:CancelAllEvents(0x55e160ea1bb0)
[index=0][channel=1][band=2.4GHz] PhyEntity:CancelRunningEndPreambleDetectionEvents(0x55e160ea1bb0)
[index=0][channel=1][band=2.4GHz] PhyEntity:CancelAllEvents(0x55e160ea1bb0)
[index=0][channel=1][band=2.4GHz] PhyEntity:CancelRunningEndPreambleDetectionEvents(0x55e160ea1bb0)
[index=0][channel=1][band=2.4GHz] PhyEntity:~PhyEntity(0x55e160ea1bb0)
[index=0][channel=1][band=2.4GHz] PhyEntity:CancelAllEvents(0x55e160ea1bb0)
[index=0][channel=1][band=2.4GHz] PhyEntity:CancelRunningEndPreambleDetectionEvents(0x55e160ea1bb0)
[index=0][channel=1][band=2.4GHz] PhyEntity:CancelAllEvents(0x55e160effdd0)
[index=0][channel=1][band=2.4GHz] PhyEntity:CancelRunningEndPreambleDetectionEvents(0x55e160effdd0)
[index=0][channel=1][band=2.4GHz] PhyEntity:CancelAllEvents(0x55e160effdd0)
[index=0][channel=1][band=2.4GHz] PhyEntity:CancelRunningEndPreambleDetectionEvents(0x55e160effdd0)
[index=0][channel=1][band=2.4GHz] PhyEntity:~PhyEntity(0x55e160effdd0)
[index=0][channel=1][band=2.4GHz] PhyEntity:CancelAllEvents(0x55e160effdd0)
[index=0][channel=1][band=2.4GHz] PhyEntity:CancelRunningEndPreambleDetectionEvents(0x55e160effdd0)
PhyEntity:~PhyEntity(0x55e160ef1010)
PhyEntity:CancelAllEvents(0x55e160ef1010)
PhyEntity:CancelRunningEndPreambleDetectionEvents(0x55e160ef1010)
PhyEntity:~PhyEntity(0x55e160ebdf90)
PhyEntity:CancelAllEvents(0x55e160ebdf90)
PhyEntity:CancelRunningEndPreambleDetectionEvents(0x55e160ebdf90)
PhyEntity:~PhyEntity(0x55e160ea3310)
PhyEntity:CancelAllEvents(0x55e160ea3310)
PhyEntity:CancelRunningEndPreambleDetectionEvents(0x55e160ea3310)
PhyEntity:~PhyEntity(0x55e160eafd60)
PhyEntity:CancelAllEvents(0x55e160eafd60)
PhyEntity:CancelRunningEndPreambleDetectionEvents(0x55e160eafd60)
PhyEntity:~PhyEntity(0x55e160eb7120)
PhyEntity:CancelAllEvents(0x55e160eb7120)
PhyEntity:CancelRunningEndPreambleDetectionEvents(0x55e160eb7120)
PhyEntity:~PhyEntity(0x55e160ea1a30)
PhyEntity:CancelAllEvents(0x55e160ea1a30)
PhyEntity:CancelRunningEndPreambleDetectionEvents(0x55e160ea1a30)
PhyEntity:~PhyEntity(0x55e160f0a590)
PhyEntity:CancelAllEvents(0x55e160f0a590)
PhyEntity:CancelRunningEndPreambleDetectionEvents(0x55e160f0a590)
