[link=0][mac=00:00:00:00:00:00] FrameExchangeManager:FrameExchangeManager(0x564a1ad78250)
[link=0][mac=00:00:00:00:00:00] FrameExchangeManager:SetProtectionManager(0x564a1ad78250, 0x564a1ad78580)
[link=0][mac=00:00:00:00:00:00] FrameExchangeManager:SetAckManager(0x564a1ad78250, 0x564a1ad86d00)
[link=0][mac=00:00:00:00:00:00] FrameExchangeManager:SetAddress(0x564a1ad78250, 00:00:00:00:00:01)
[link=0][mac=00:00:00:00:00:00] FrameExchangeManager:SetBssid(0x564a1ad78250, 00:00:00:00:00:01)
[link=0][mac=00:00:00:00:00:01] FrameExchangeManager:SetWifiMac(0x564a1ad78250, 0x564a1ad77650)
[link=0][mac=00:00:00:00:00:01] FrameExchangeManager:SetLinkId(0x564a1ad78250, 0)
[link=0][mac=00:00:00:00:00:01] FrameExchangeManager:SetDroppedMpduCallback(0x564a1ad78250, 0x7ffccadfe358)
[link=0][mac=00:00:00:00:00:01] FrameExchangeManager:SetAckedMpduCallback(0x564a1ad78250, 0x7ffccadfe360)
[link=0][mac=00:00:00:00:00:01] FrameExchangeManager:SetChannelAccessManager(0x564a1ad78250, 0x564a1ad77240)
[link=0][mac=00:00:00:00:00:01] FrameExchangeManager:SetWifiPhy(0x564a1ad78250, 0x564a1ad826a0)
[link=0][mac=00:00:00:00:00:01] FrameExchangeManager:SetMacTxMiddle(0x564a1ad78250, 0x564a1ad771f0)
[link=0][mac=00:00:00:00:00:01] FrameExchangeManager:SetMacRxMiddle(0x564a1ad78250, 0x564a1ad81280)
[link=0][mac=00:00:00:00:00:00] FrameExchangeManager:FrameExchangeManager(0x564a1ad7c330)
[link=0][mac=00:00:00:00:00:00] FrameExchangeManager:SetProtectionManager(0x564a1ad7c330, 0x564a1ad7c660)
[link=0][mac=00:00:00:00:00:00] FrameExchangeManager:SetAckManager(0x564a1ad7c330, 0x564a1ad79970)
[link=0][mac=00:00:00:00:00:00] FrameExchangeManager:SetAddress(0x564a1ad7c330, 00:00:00:00:00:02)
[link=0][mac=00:00:00:00:00:00] FrameExchangeManager:SetBssid(0x564a1ad7c330, 00:00:00:00:00:02)
[link=0][mac=00:00:00:00:00:02] FrameExchangeManager:SetWifiMac(0x564a1ad7c330, 0x564a1ad7b5b0)
[link=0][mac=00:00:00:00:00:02] FrameExchangeManager:SetLinkId(0x564a1ad7c330, 0)
[link=0][mac=00:00:00:00:00:02] FrameExchangeManager:SetDroppedMpduCallback(0x564a1ad7c330, 0x7ffccadfe358)
[link=0][mac=00:00:00:00:00:02] FrameExchangeManager:SetAckedMpduCallback(0x564a1ad7c330, 0x7ffccadfe360)
[link=0][mac=00:00:00:00:00:02] FrameExchangeManager:SetChannelAccessManager(0x564a1ad7c330, 0x564a1ad7b1a0)
[link=0][mac=00:00:00:00:00:02] FrameExchangeManager:SetWifiPhy(0x564a1ad7c330, 0x564a1ad799d0)
[link=0][mac=00:00:00:00:00:02] FrameExchangeManager:SetMacTxMiddle(0x564a1ad7c330, 0x564a1ad7b150)
[link=0][mac=00:00:00:00:00:02] FrameExchangeManager:SetMacRxMiddle(0x564a1ad7c330, 0x564a1ad20750)
 >           +1000ms    [ 0]  >> SEND: #0:0 :OK
[link=0][mac=00:00:00:00:00:01] FrameExchangeManager:StartTransmission(0x564a1ad78250, 0x564a1ad80f90, 22)
[link=0][mac=00:00:00:00:00:01] MPDU payload size=22, to=ff:ff:ff:ff:ff:ff, seq=0
[link=0][mac=00:00:00:00:00:01] FrameExchangeManager:GetFirstFragmentIfNeeded(0x564a1ad78250, DATA, payloadSize=22, to=ff:ff:ff:ff:ff:ff, seqN=0, duration/ID=+0ns, queued=true, residualLifetime=+499950us, inflight=false, packet=0x564a1ad7d580)
[link=0][mac=00:00:00:00:00:01] FrameExchangeManager:SendMpduWithProtection(0x564a1ad78250, DATA, payloadSize=22, to=ff:ff:ff:ff:ff:ff, seqN=0, duration/ID=+0ns, queued=true, residualLifetime=+499950us, inflight=false, packet=0x564a1ad7d580, TXVECTOR=txpwrlvl: 0 preamble: LONG channel width: 22 GI: 800 NTx: 1 Ness: 0 MPDU aggregation: false STBC: false FEC coding: BCC mode: DsssRate1Mbps Nss: 1, Protection=NONE, Acknowledgment=NONE, PSDUs: [To=ff:ff:ff:ff:ff:ff, A-MSDU size=22, A-MPDU size=0])
[link=0][mac=00:00:00:00:00:01] FrameExchangeManager:StartProtection(0x564a1ad78250, TXVECTOR=txpwrlvl: 0 preamble: LONG channel width: 22 GI: 800 NTx: 1 Ness: 0 MPDU aggregation: false STBC: false FEC coding: BCC mode: DsssRate1Mbps Nss: 1, Protection=NONE, Acknowledgment=NONE, PSDUs: [To=ff:ff:ff:ff:ff:ff, A-MSDU size=22, A-MPDU size=0])
[link=0][mac=00:00:00:00:00:01] FrameExchangeManager:ProtectionCompleted(0x564a1ad78250)
[link=0][mac=00:00:00:00:00:01] FrameExchangeManager:SendMpdu(0x564a1ad78250)
[link=0][mac=00:00:00:00:00:01] 0x564a1ad78250DATA, payloadSize=22, to=ff:ff:ff:ff:ff:ff, seqN=0, duration/ID=+0ns, queued=true, residualLifetime=+499950us, inflight=true, packet=0x564a1ad7d580
[link=0][mac=00:00:00:00:00:01] FrameExchangeManager:ForwardMpduDown(0x564a1ad78250, DATA, payloadSize=22, to=ff:ff:ff:ff:ff:ff, seqN=0, duration/ID=+0ns, queued=false, packet=0x564a1ad7d580, txpwrlvl: 0 preamble: LONG channel width: 22 GI: 800 NTx: 1 Ness: 0 MPDU aggregation: false STBC: false FEC coding: BCC mode: DsssRate1Mbps Nss: 1)
[link=0][mac=00:00:00:00:00:01] FrameExchangeManager:FinalizeMacHeader(0x564a1ad78250, 0x564a1ad68ba0)
[link=0][mac=00:00:00:00:00:02] FrameExchangeManager:RxStartIndication(0x564a1ad7c330, "PSDU reception started for ", +400us, " (txVector: ", txpwrlvl: 0 preamble: LONG channel width: 22 GI: 800 NTx: 1 Ness: 0 MPDU aggregation: false STBC: false FEC coding: BCC mode: DsssRate1Mbps Nss: 1, ")")
[link=0][mac=00:00:00:00:00:01] FrameExchangeManager:TransmissionSucceeded(0x564a1ad78250)
[link=0][mac=00:00:00:00:00:01] FrameExchangeManager:NotifyChannelReleased(0x564a1ad78250, 0x564a1ad80f90)
[link=0][mac=00:00:00:00:00:02] FrameExchangeManager:Receive(0x564a1ad7c330, 0x564a1ad68ba0, SNR:33.3089 dB, RSSI:-60.6571 dBm, txpwrlvl: 0 preamble: LONG channel width: 22 GI: 800 NTx: 1 Ness: 0 MPDU aggregation: false STBC: false FEC coding: BCC mode: DsssRate1Mbps Nss: 1, 1, 1)
[link=0][mac=00:00:00:00:00:02] FrameExchangeManager:PreProcessFrame(0x564a1ad7c330, 0x564a1ad68ba0, txpwrlvl: 0 preamble: LONG channel width: 22 GI: 800 NTx: 1 Ness: 0 MPDU aggregation: false STBC: false FEC coding: BCC mode: DsssRate1Mbps Nss: 1)
[link=0][mac=00:00:00:00:00:02] FrameExchangeManager:ReceiveMpdu(0x564a1ad7c330, DATA, payloadSize=22, to=ff:ff:ff:ff:ff:ff, seqN=0, duration/ID=+0ns, queued=false, packet=0x564a1ad7d580, SNR:33.3089 dB, RSSI:-60.6571 dBm, txpwrlvl: 0 preamble: LONG channel width: 22 GI: 800 NTx: 1 Ness: 0 MPDU aggregation: false STBC: false FEC coding: BCC mode: DsssRate1Mbps Nss: 1, 0)
 >        +1000.64ms    [ 1]  << RECV: #0:0
[link=0][mac=00:00:00:00:00:02] FrameExchangeManager:PostProcessFrame(0x564a1ad7c330, 0x564a1ad68ba0, txpwrlvl: 0 preamble: LONG channel width: 22 GI: 800 NTx: 1 Ness: 0 MPDU aggregation: false STBC: false FEC coding: BCC mode: DsssRate1Mbps Nss: 1)
[link=0][mac=00:00:00:00:00:02] FrameExchangeManager:UpdateNav(0x564a1ad7c330, 0x564a1ad68ba0, txpwrlvl: 0 preamble: LONG channel width: 22 GI: 800 NTx: 1 Ness: 0 MPDU aggregation: false STBC: false FEC coding: BCC mode: DsssRate1Mbps Nss: 1)
[link=0][mac=00:00:00:00:00:02] Duration/ID=+0ns
[link=0][mac=00:00:00:00:00:02] Updated NAV=+1.00064e+09ns
[link=0][mac=00:00:00:00:00:02] Current NAV=+1.00064e+09ns
 >        +2000.64ms    [ 1]  >> SEND: #1:0 :OK
[link=0][mac=00:00:00:00:00:02] FrameExchangeManager:StartTransmission(0x564a1ad7c330, 0x564a1ad78980, 22)
[link=0][mac=00:00:00:00:00:02] MPDU payload size=22, to=ff:ff:ff:ff:ff:ff, seq=0
[link=0][mac=00:00:00:00:00:02] FrameExchangeManager:GetFirstFragmentIfNeeded(0x564a1ad7c330, DATA, payloadSize=22, to=ff:ff:ff:ff:ff:ff, seqN=0, duration/ID=+0ns, queued=true, residualLifetime=+499950us, inflight=false, packet=0x564a1adb75e0)
[link=0][mac=00:00:00:00:00:02] FrameExchangeManager:SendMpduWithProtection(0x564a1ad7c330, DATA, payloadSize=22, to=ff:ff:ff:ff:ff:ff, seqN=0, duration/ID=+0ns, queued=true, residualLifetime=+499950us, inflight=false, packet=0x564a1adb75e0, TXVECTOR=txpwrlvl: 0 preamble: LONG channel width: 22 GI: 800 NTx: 1 Ness: 0 MPDU aggregation: false STBC: false FEC coding: BCC mode: DsssRate1Mbps Nss: 1, Protection=NONE, Acknowledgment=NONE, PSDUs: [To=ff:ff:ff:ff:ff:ff, A-MSDU size=22, A-MPDU size=0])
[link=0][mac=00:00:00:00:00:02] FrameExchangeManager:StartProtection(0x564a1ad7c330, TXVECTOR=txpwrlvl: 0 preamble: LONG channel width: 22 GI: 800 NTx: 1 Ness: 0 MPDU aggregation: false STBC: false FEC coding: BCC mode: DsssRate1Mbps Nss: 1, Protection=NONE, Acknowledgment=NONE, PSDUs: [To=ff:ff:ff:ff:ff:ff, A-MSDU size=22, A-MPDU size=0])
[link=0][mac=00:00:00:00:00:02] FrameExchangeManager:ProtectionCompleted(0x564a1ad7c330)
[link=0][mac=00:00:00:00:00:02] FrameExchangeManager:SendMpdu(0x564a1ad7c330)
[link=0][mac=00:00:00:00:00:02] 0x564a1ad7c330DATA, payloadSize=22, to=ff:ff:ff:ff:ff:ff, seqN=0, duration/ID=+0ns, queued=true, residualLifetime=+499950us, inflight=true, packet=0x564a1adb75e0
[link=0][mac=00:00:00:00:00:02] FrameExchangeManager:ForwardMpduDown(0x564a1ad7c330, DATA, payloadSize=22, to=ff:ff:ff:ff:ff:ff, seqN=0, duration/ID=+0ns, queued=false, packet=0x564a1adb75e0, txpwrlvl: 0 preamble: LONG channel width: 22 GI: 800 NTx: 1 Ness: 0 MPDU aggregation: false STBC: false FEC coding: BCC mode: DsssRate1Mbps Nss: 1)
[link=0][mac=00:00:00:00:00:02] FrameExchangeManager:FinalizeMacHeader(0x564a1ad7c330, 0x564a1ad80f10)
[link=0][mac=00:00:00:00:00:01] FrameExchangeManager:RxStartIndication(0x564a1ad78250, "PSDU reception started for ", +400us, " (txVector: ", txpwrlvl: 0 preamble: LONG channel width: 22 GI: 800 NTx: 1 Ness: 0 MPDU aggregation: false STBC: false FEC coding: BCC mode: DsssRate1Mbps Nss: 1, ")")
[link=0][mac=00:00:00:00:00:02] FrameExchangeManager:TransmissionSucceeded(0x564a1ad7c330)
[link=0][mac=00:00:00:00:00:02] FrameExchangeManager:NotifyChannelReleased(0x564a1ad7c330, 0x564a1ad78980)
[link=0][mac=00:00:00:00:00:01] FrameExchangeManager:Receive(0x564a1ad78250, 0x564a1ad80f10, SNR:33.3089 dB, RSSI:-60.6571 dBm, txpwrlvl: 0 preamble: LONG channel width: 22 GI: 800 NTx: 1 Ness: 0 MPDU aggregation: false STBC: false FEC coding: BCC mode: DsssRate1Mbps Nss: 1, 1, 1)
[link=0][mac=00:00:00:00:00:01] FrameExchangeManager:PreProcessFrame(0x564a1ad78250, 0x564a1ad80f10, txpwrlvl: 0 preamble: LONG channel width: 22 GI: 800 NTx: 1 Ness: 0 MPDU aggregation: false STBC: false FEC coding: BCC mode: DsssRate1Mbps Nss: 1)
[link=0][mac=00:00:00:00:00:01] FrameExchangeManager:ReceiveMpdu(0x564a1ad78250, DATA, payloadSize=22, to=ff:ff:ff:ff:ff:ff, seqN=0, duration/ID=+0ns, queued=false, packet=0x564a1adb75e0, SNR:33.3089 dB, RSSI:-60.6571 dBm, txpwrlvl: 0 preamble: LONG channel width: 22 GI: 800 NTx: 1 Ness: 0 MPDU aggregation: false STBC: false FEC coding: BCC mode: DsssRate1Mbps Nss: 1, 0)
 >        +2001.28ms    [ 0]  << RECV: #1:0
[link=0][mac=00:00:00:00:00:01] FrameExchangeManager:PostProcessFrame(0x564a1ad78250, 0x564a1ad80f10, txpwrlvl: 0 preamble: LONG channel width: 22 GI: 800 NTx: 1 Ness: 0 MPDU aggregation: false STBC: false FEC coding: BCC mode: DsssRate1Mbps Nss: 1)
[link=0][mac=00:00:00:00:00:01] FrameExchangeManager:UpdateNav(0x564a1ad78250, 0x564a1ad80f10, txpwrlvl: 0 preamble: LONG channel width: 22 GI: 800 NTx: 1 Ness: 0 MPDU aggregation: false STBC: false FEC coding: BCC mode: DsssRate1Mbps Nss: 1)
[link=0][mac=00:00:00:00:00:01] Duration/ID=+0ns
[link=0][mac=00:00:00:00:00:01] Updated NAV=+2.00128e+09ns
[link=0][mac=00:00:00:00:00:01] Current NAV=+2.00128e+09ns
 >        +3001.28ms    [ 0]  >> SEND: #0:1 :OK
[link=0][mac=00:00:00:00:00:01] FrameExchangeManager:StartTransmission(0x564a1ad78250, 0x564a1ad80f90, 22)
[link=0][mac=00:00:00:00:00:01] MPDU payload size=22, to=ff:ff:ff:ff:ff:ff, seq=16
[link=0][mac=00:00:00:00:00:01] FrameExchangeManager:GetFirstFragmentIfNeeded(0x564a1ad78250, DATA, payloadSize=22, to=ff:ff:ff:ff:ff:ff, seqN=1, duration/ID=+0ns, queued=true, residualLifetime=+499950us, inflight=false, packet=0x564a1adb7d80)
[link=0][mac=00:00:00:00:00:01] FrameExchangeManager:SendMpduWithProtection(0x564a1ad78250, DATA, payloadSize=22, to=ff:ff:ff:ff:ff:ff, seqN=1, duration/ID=+0ns, queued=true, residualLifetime=+499950us, inflight=false, packet=0x564a1adb7d80, TXVECTOR=txpwrlvl: 0 preamble: LONG channel width: 22 GI: 800 NTx: 1 Ness: 0 MPDU aggregation: false STBC: false FEC coding: BCC mode: DsssRate1Mbps Nss: 1, Protection=NONE, Acknowledgment=NONE, PSDUs: [To=ff:ff:ff:ff:ff:ff, A-MSDU size=22, A-MPDU size=0])
[link=0][mac=00:00:00:00:00:01] FrameExchangeManager:StartProtection(0x564a1ad78250, TXVECTOR=txpwrlvl: 0 preamble: LONG channel width: 22 GI: 800 NTx: 1 Ness: 0 MPDU aggregation: false STBC: false FEC coding: BCC mode: DsssRate1Mbps Nss: 1, Protection=NONE, Acknowledgment=NONE, PSDUs: [To=ff:ff:ff:ff:ff:ff, A-MSDU size=22, A-MPDU size=0])
[link=0][mac=00:00:00:00:00:01] FrameExchangeManager:ProtectionCompleted(0x564a1ad78250)
[link=0][mac=00:00:00:00:00:01] FrameExchangeManager:SendMpdu(0x564a1ad78250)
[link=0][mac=00:00:00:00:00:01] 0x564a1ad78250DATA, payloadSize=22, to=ff:ff:ff:ff:ff:ff, seqN=1, duration/ID=+0ns, queued=true, residualLifetime=+499950us, inflight=true, packet=0x564a1adb7d80
[link=0][mac=00:00:00:00:00:01] FrameExchangeManager:ForwardMpduDown(0x564a1ad78250, DATA, payloadSize=22, to=ff:ff:ff:ff:ff:ff, seqN=1, duration/ID=+0ns, queued=false, packet=0x564a1adb7d80, txpwrlvl: 0 preamble: LONG channel width: 22 GI: 800 NTx: 1 Ness: 0 MPDU aggregation: false STBC: false FEC coding: BCC mode: DsssRate1Mbps Nss: 1)
[link=0][mac=00:00:00:00:00:01] FrameExchangeManager:FinalizeMacHeader(0x564a1ad78250, 0x564a1ad86b30)
[link=0][mac=00:00:00:00:00:02] FrameExchangeManager:RxStartIndication(0x564a1ad7c330, "PSDU reception started for ", +400us, " (txVector: ", txpwrlvl: 0 preamble: LONG channel width: 22 GI: 800 NTx: 1 Ness: 0 MPDU aggregation: false STBC: false FEC coding: BCC mode: DsssRate1Mbps Nss: 1, ")")
[link=0][mac=00:00:00:00:00:01] FrameExchangeManager:TransmissionSucceeded(0x564a1ad78250)
[link=0][mac=00:00:00:00:00:01] FrameExchangeManager:NotifyChannelReleased(0x564a1ad78250, 0x564a1ad80f90)
[link=0][mac=00:00:00:00:00:02] FrameExchangeManager:Receive(0x564a1ad7c330, 0x564a1ad86b30, SNR:33.3089 dB, RSSI:-60.6571 dBm, txpwrlvl: 0 preamble: LONG channel width: 22 GI: 800 NTx: 1 Ness: 0 MPDU aggregation: false STBC: false FEC coding: BCC mode: DsssRate1Mbps Nss: 1, 1, 1)
[link=0][mac=00:00:00:00:00:02] FrameExchangeManager:PreProcessFrame(0x564a1ad7c330, 0x564a1ad86b30, txpwrlvl: 0 preamble: LONG channel width: 22 GI: 800 NTx: 1 Ness: 0 MPDU aggregation: false STBC: false FEC coding: BCC mode: DsssRate1Mbps Nss: 1)
[link=0][mac=00:00:00:00:00:02] FrameExchangeManager:ReceiveMpdu(0x564a1ad7c330, DATA, payloadSize=22, to=ff:ff:ff:ff:ff:ff, seqN=1, duration/ID=+0ns, queued=false, packet=0x564a1adb7d80, SNR:33.3089 dB, RSSI:-60.6571 dBm, txpwrlvl: 0 preamble: LONG channel width: 22 GI: 800 NTx: 1 Ness: 0 MPDU aggregation: false STBC: false FEC coding: BCC mode: DsssRate1Mbps Nss: 1, 0)
 >        +3001.93ms    [ 1]  << RECV: #0:1
[link=0][mac=00:00:00:00:00:02] FrameExchangeManager:PostProcessFrame(0x564a1ad7c330, 0x564a1ad86b30, txpwrlvl: 0 preamble: LONG channel width: 22 GI: 800 NTx: 1 Ness: 0 MPDU aggregation: false STBC: false FEC coding: BCC mode: DsssRate1Mbps Nss: 1)
[link=0][mac=00:00:00:00:00:02] FrameExchangeManager:UpdateNav(0x564a1ad7c330, 0x564a1ad86b30, txpwrlvl: 0 preamble: LONG channel width: 22 GI: 800 NTx: 1 Ness: 0 MPDU aggregation: false STBC: false FEC coding: BCC mode: DsssRate1Mbps Nss: 1)
[link=0][mac=00:00:00:00:00:02] Duration/ID=+0ns
[link=0][mac=00:00:00:00:00:02] Updated NAV=+3.00193e+09ns
[link=0][mac=00:00:00:00:00:02] Current NAV=+3.00193e+09ns
 >        +4001.93ms    [ 1]  >> SEND: #1:1 :OK
[link=0][mac=00:00:00:00:00:02] FrameExchangeManager:StartTransmission(0x564a1ad7c330, 0x564a1ad78980, 22)
[link=0][mac=00:00:00:00:00:02] MPDU payload size=22, to=ff:ff:ff:ff:ff:ff, seq=16
[link=0][mac=00:00:00:00:00:02] FrameExchangeManager:GetFirstFragmentIfNeeded(0x564a1ad7c330, DATA, payloadSize=22, to=ff:ff:ff:ff:ff:ff, seqN=1, duration/ID=+0ns, queued=true, residualLifetime=+499950us, inflight=false, packet=0x564a1ad7d580)
[link=0][mac=00:00:00:00:00:02] FrameExchangeManager:SendMpduWithProtection(0x564a1ad7c330, DATA, payloadSize=22, to=ff:ff:ff:ff:ff:ff, seqN=1, duration/ID=+0ns, queued=true, residualLifetime=+499950us, inflight=false, packet=0x564a1ad7d580, TXVECTOR=txpwrlvl: 0 preamble: LONG channel width: 22 GI: 800 NTx: 1 Ness: 0 MPDU aggregation: false STBC: false FEC coding: BCC mode: DsssRate1Mbps Nss: 1, Protection=NONE, Acknowledgment=NONE, PSDUs: [To=ff:ff:ff:ff:ff:ff, A-MSDU size=22, A-MPDU size=0])
[link=0][mac=00:00:00:00:00:02] FrameExchangeManager:StartProtection(0x564a1ad7c330, TXVECTOR=txpwrlvl: 0 preamble: LONG channel width: 22 GI: 800 NTx: 1 Ness: 0 MPDU aggregation: false STBC: false FEC coding: BCC mode: DsssRate1Mbps Nss: 1, Protection=NONE, Acknowledgment=NONE, PSDUs: [To=ff:ff:ff:ff:ff:ff, A-MSDU size=22, A-MPDU size=0])
[link=0][mac=00:00:00:00:00:02] FrameExchangeManager:ProtectionCompleted(0x564a1ad7c330)
[link=0][mac=00:00:00:00:00:02] FrameExchangeManager:SendMpdu(0x564a1ad7c330)
[link=0][mac=00:00:00:00:00:02] 0x564a1ad7c330DATA, payloadSize=22, to=ff:ff:ff:ff:ff:ff, seqN=1, duration/ID=+0ns, queued=true, residualLifetime=+499950us, inflight=true, packet=0x564a1ad7d580
[link=0][mac=00:00:00:00:00:02] FrameExchangeManager:ForwardMpduDown(0x564a1ad7c330, DATA, payloadSize=22, to=ff:ff:ff:ff:ff:ff, seqN=1, duration/ID=+0ns, queued=false, packet=0x564a1ad7d580, txpwrlvl: 0 preamble: LONG channel width: 22 GI: 800 NTx: 1 Ness: 0 MPDU aggregation: false STBC: false FEC coding: BCC mode: DsssRate1Mbps Nss: 1)
[link=0][mac=00:00:00:00:00:02] FrameExchangeManager:FinalizeMacHeader(0x564a1ad7c330, 0x564a1adb77c0)
[link=0][mac=00:00:00:00:00:01] FrameExchangeManager:RxStartIndication(0x564a1ad78250, "PSDU reception started for ", +400us, " (txVector: ", txpwrlvl: 0 preamble: LONG channel width: 22 GI: 800 NTx: 1 Ness: 0 MPDU aggregation: false STBC: false FEC coding: BCC mode: DsssRate1Mbps Nss: 1, ")")
[link=0][mac=00:00:00:00:00:02] FrameExchangeManager:TransmissionSucceeded(0x564a1ad7c330)
[link=0][mac=00:00:00:00:00:02] FrameExchangeManager:NotifyChannelReleased(0x564a1ad7c330, 0x564a1ad78980)
[link=0][mac=00:00:00:00:00:01] FrameExchangeManager:Receive(0x564a1ad78250, 0x564a1adb77c0, SNR:33.3089 dB, RSSI:-60.6571 dBm, txpwrlvl: 0 preamble: LONG channel width: 22 GI: 800 NTx: 1 Ness: 0 MPDU aggregation: false STBC: false FEC coding: BCC mode: DsssRate1Mbps Nss: 1, 1, 1)
[link=0][mac=00:00:00:00:00:01] FrameExchangeManager:PreProcessFrame(0x564a1ad78250, 0x564a1adb77c0, txpwrlvl: 0 preamble: LONG channel width: 22 GI: 800 NTx: 1 Ness: 0 MPDU aggregation: false STBC: false FEC coding: BCC mode: DsssRate1Mbps Nss: 1)
[link=0][mac=00:00:00:00:00:01] FrameExchangeManager:ReceiveMpdu(0x564a1ad78250, DATA, payloadSize=22, to=ff:ff:ff:ff:ff:ff, seqN=1, duration/ID=+0ns, queued=false, packet=0x564a1ad7d580, SNR:33.3089 dB, RSSI:-60.6571 dBm, txpwrlvl: 0 preamble: LONG channel width: 22 GI: 800 NTx: 1 Ness: 0 MPDU aggregation: false STBC: false FEC coding: BCC mode: DsssRate1Mbps Nss: 1, 0)
 >        +4002.57ms    [ 0]  << RECV: #1:1
[link=0][mac=00:00:00:00:00:01] FrameExchangeManager:PostProcessFrame(0x564a1ad78250, 0x564a1adb77c0, txpwrlvl: 0 preamble: LONG channel width: 22 GI: 800 NTx: 1 Ness: 0 MPDU aggregation: false STBC: false FEC coding: BCC mode: DsssRate1Mbps Nss: 1)
[link=0][mac=00:00:00:00:00:01] FrameExchangeManager:UpdateNav(0x564a1ad78250, 0x564a1adb77c0, txpwrlvl: 0 preamble: LONG channel width: 22 GI: 800 NTx: 1 Ness: 0 MPDU aggregation: false STBC: false FEC coding: BCC mode: DsssRate1Mbps Nss: 1)
[link=0][mac=00:00:00:00:00:01] Duration/ID=+0ns
[link=0][mac=00:00:00:00:00:01] Updated NAV=+4.00257e+09ns
[link=0][mac=00:00:00:00:00:01] Current NAV=+4.00257e+09ns
[link=0][mac=00:00:00:00:00:01] FrameExchangeManager:DoDispose(0x564a1ad78250)
[link=0][mac=00:00:00:00:00:01] FrameExchangeManager:Reset(0x564a1ad78250)
[link=0][mac=00:00:00:00:00:01] FrameExchangeManager:ResetPhy(0x564a1ad78250)
[link=0][mac=00:00:00:00:00:01] FrameExchangeManager:~FrameExchangeManager()
[link=0][mac=00:00:00:00:00:02] FrameExchangeManager:DoDispose(0x564a1ad7c330)
[link=0][mac=00:00:00:00:00:02] FrameExchangeManager:Reset(0x564a1ad7c330)
[link=0][mac=00:00:00:00:00:02] FrameExchangeManager:ResetPhy(0x564a1ad7c330)
[link=0][mac=00:00:00:00:00:02] FrameExchangeManager:~FrameExchangeManager()
