WifiPhyStateHelper:WifiPhyStateHelper(0x556abb1c6670)
PhyEntity:SetOwner(0x556abb1cf9e0, 0x556abb1e6830)
[index=0][channel=1][band=2.4GHz] PhyEntity:SetOwner(0x556abb1cf9e0, 0x556abb1e6830)
[link=0] ChannelAccessManager:ChannelAccessManager(0x556abb1db3e0)
[link=0] ChannelAccessManager:InitLastBusyStructs(0x556abb1db3e0)
[link=0] ChannelAccessManager:SetGenerateBackoffOnNoTx(0x556abb1db3e0, 0)
[link=0] ChannelAccessManager:SetLinkId(0x556abb1db3e0, 0)
[link=0][mac=00:00:00:00:00:00] FrameExchangeManager:FrameExchangeManager(0x556abb1dc3f0)
[link=0][mac=00:00:00:00:00:00] FrameExchangeManager:SetProtectionManager(0x556abb1dc3f0, 0x556abb1dc720)
[link=0][mac=00:00:00:00:00:00] FrameExchangeManager:SetAckManager(0x556abb1dc3f0, 0x556abb1eae90)
[link=0][mac=00:00:00:00:00:00] FrameExchangeManager:SetAddress(0x556abb1dc3f0, 00:00:00:00:00:01)
[link=0][mac=00:00:00:00:00:00] FrameExchangeManager:SetBssid(0x556abb1dc3f0, 00:00:00:00:00:01)
[link=0][mac=00:00:00:00:00:01] FrameExchangeManager:SetWifiMac(0x556abb1dc3f0, 0x556abb1db810)
[link=0][mac=00:00:00:00:00:01] FrameExchangeManager:SetLinkId(0x556abb1dc3f0, 0)
[link=0][mac=00:00:00:00:00:01] FrameExchangeManager:SetDroppedMpduCallback(0x556abb1dc3f0, 0x7ffdd111d2e8)
[link=0][mac=00:00:00:00:00:01] FrameExchangeManager:SetAckedMpduCallback(0x556abb1dc3f0, 0x7ffdd111d2f0)
[link=0] ChannelAccessManager:SetupPhyListener(0x556abb1db3e0, 0x556abb1e6830)
[link=0] ChannelAccessManager:InitLastBusyStructs(0x556abb1db3e0)
[link=0] ChannelAccessManager:SetupFrameExchangeManager(0x556abb1db3e0, 0x556abb1dc3f0)
[link=0][mac=00:00:00:00:00:01] FrameExchangeManager:SetChannelAccessManager(0x556abb1dc3f0, 0x556abb1db3e0)
[link=0][mac=00:00:00:00:00:01] FrameExchangeManager:SetWifiPhy(0x556abb1dc3f0, 0x556abb1e6830)
[link=0][mac=00:00:00:00:00:01] FrameExchangeManager:SetMacTxMiddle(0x556abb1dc3f0, 0x556abb1db390)
[link=0][mac=00:00:00:00:00:01] FrameExchangeManager:SetMacRxMiddle(0x556abb1dc3f0, 0x556abb1e5280)
[link=0] ChannelAccessManager:Add(0x556abb1db3e0, 0x556abb1e8b00)
WifiPhyStateHelper:WifiPhyStateHelper(0x556abb1c6510)
PhyEntity:SetOwner(0x556abb181bb0, 0x556abb1ddb70)
[index=0][channel=1][band=2.4GHz] PhyEntity:SetOwner(0x556abb181bb0, 0x556abb1ddb70)
[link=0] ChannelAccessManager:ChannelAccessManager(0x556abb1df340)
[link=0] ChannelAccessManager:InitLastBusyStructs(0x556abb1df340)
[link=0] ChannelAccessManager:SetGenerateBackoffOnNoTx(0x556abb1df340, 0)
[link=0] ChannelAccessManager:SetLinkId(0x556abb1df340, 0)
[link=0][mac=00:00:00:00:00:00] FrameExchangeManager:FrameExchangeManager(0x556abb1e04d0)
[link=0][mac=00:00:00:00:00:00] FrameExchangeManager:SetProtectionManager(0x556abb1e04d0, 0x556abb1e0800)
[link=0][mac=00:00:00:00:00:00] FrameExchangeManager:SetAckManager(0x556abb1e04d0, 0x556abb1ddb10)
[link=0][mac=00:00:00:00:00:00] FrameExchangeManager:SetAddress(0x556abb1e04d0, 00:00:00:00:00:02)
[link=0][mac=00:00:00:00:00:00] FrameExchangeManager:SetBssid(0x556abb1e04d0, 00:00:00:00:00:02)
[link=0][mac=00:00:00:00:00:02] FrameExchangeManager:SetWifiMac(0x556abb1e04d0, 0x556abb1df770)
[link=0][mac=00:00:00:00:00:02] FrameExchangeManager:SetLinkId(0x556abb1e04d0, 0)
[link=0][mac=00:00:00:00:00:02] FrameExchangeManager:SetDroppedMpduCallback(0x556abb1e04d0, 0x7ffdd111d2e8)
[link=0][mac=00:00:00:00:00:02] FrameExchangeManager:SetAckedMpduCallback(0x556abb1e04d0, 0x7ffdd111d2f0)
[link=0] ChannelAccessManager:SetupPhyListener(0x556abb1df340, 0x556abb1ddb70)
[link=0] ChannelAccessManager:InitLastBusyStructs(0x556abb1df340)
[link=0] ChannelAccessManager:SetupFrameExchangeManager(0x556abb1df340, 0x556abb1e04d0)
[link=0][mac=00:00:00:00:00:02] FrameExchangeManager:SetChannelAccessManager(0x556abb1e04d0, 0x556abb1df340)
[link=0][mac=00:00:00:00:00:02] FrameExchangeManager:SetWifiPhy(0x556abb1e04d0, 0x556abb1ddb70)
[link=0][mac=00:00:00:00:00:02] FrameExchangeManager:SetMacTxMiddle(0x556abb1e04d0, 0x556abb1df2f0)
[link=0][mac=00:00:00:00:00:02] FrameExchangeManager:SetMacRxMiddle(0x556abb1e04d0, 0x556abb184750)
[link=0] ChannelAccessManager:Add(0x556abb1df340, 0x556abb1dcb20)
WifiPhyStateHelper:WifiPhyStateHelper(0x556abb1c67d0)
PhyEntity:SetOwner(0x556abb1dfdd0, 0x556abb216ee0)
[index=0][channel=1][band=2.4GHz] PhyEntity:SetOwner(0x556abb1dfdd0, 0x556abb216ee0)
[link=0] ChannelAccessManager:ChannelAccessManager(0x556abb2188d0)
[link=0] ChannelAccessManager:InitLastBusyStructs(0x556abb2188d0)
[link=0] ChannelAccessManager:SetGenerateBackoffOnNoTx(0x556abb2188d0, 0)
[link=0] ChannelAccessManager:SetLinkId(0x556abb2188d0, 0)
[link=0][mac=00:00:00:00:00:00] FrameExchangeManager:FrameExchangeManager(0x556abb219a60)
[link=0][mac=00:00:00:00:00:00] FrameExchangeManager:SetProtectionManager(0x556abb219a60, 0x556abb219d90)
[link=0][mac=00:00:00:00:00:00] FrameExchangeManager:SetAckManager(0x556abb219a60, 0x556abb216e80)
[link=0][mac=00:00:00:00:00:00] FrameExchangeManager:SetAddress(0x556abb219a60, 00:00:00:00:00:03)
[link=0][mac=00:00:00:00:00:00] FrameExchangeManager:SetBssid(0x556abb219a60, 00:00:00:00:00:03)
[link=0][mac=00:00:00:00:00:03] FrameExchangeManager:SetWifiMac(0x556abb219a60, 0x556abb218d00)
[link=0][mac=00:00:00:00:00:03] FrameExchangeManager:SetLinkId(0x556abb219a60, 0)
[link=0][mac=00:00:00:00:00:03] FrameExchangeManager:SetDroppedMpduCallback(0x556abb219a60, 0x7ffdd111d2e8)
[link=0][mac=00:00:00:00:00:03] FrameExchangeManager:SetAckedMpduCallback(0x556abb219a60, 0x7ffdd111d2f0)
[link=0] ChannelAccessManager:SetupPhyListener(0x556abb2188d0, 0x556abb216ee0)
[link=0] ChannelAccessManager:InitLastBusyStructs(0x556abb2188d0)
[link=0] ChannelAccessManager:SetupFrameExchangeManager(0x556abb2188d0, 0x556abb219a60)
[link=0][mac=00:00:00:00:00:03] FrameExchangeManager:SetChannelAccessManager(0x556abb219a60, 0x556abb2188d0)
[link=0][mac=00:00:00:00:00:03] FrameExchangeManager:SetWifiPhy(0x556abb219a60, 0x556abb216ee0)
[link=0][mac=00:00:00:00:00:03] FrameExchangeManager:SetMacTxMiddle(0x556abb219a60, 0x556abb218880)
[link=0][mac=00:00:00:00:00:03] FrameExchangeManager:SetMacRxMiddle(0x556abb219a60, 0x556abb1e0ab0)
[link=0] ChannelAccessManager:Add(0x556abb2188d0, 0x556abb1dcc50)
[link=0] ChannelAccessManager:DoInitialize(0x556abb1db3e0)
[link=0] ChannelAccessManager:InitLastBusyStructs(0x556abb1db3e0)
[link=0] ChannelAccessManager:DoInitialize(0x556abb1df340)
[link=0] ChannelAccessManager:InitLastBusyStructs(0x556abb1df340)
[link=0] ChannelAccessManager:DoInitialize(0x556abb2188d0)
[link=0] ChannelAccessManager:InitLastBusyStructs(0x556abb2188d0)
 >           +1000ms    [ 0]  >> SEND: #0:0 :OK
[link=0] ChannelAccessManager:NeedBackoffUponAccess(0x556abb1db3e0, 0x556abb1e8b00, 0, 1)
[link=0] ChannelAccessManager:UpdateBackoff(0x556abb1db3e0)
[link=0] ChannelAccessManager:GetBackoffStartFor(0x556abb1db3e0, 0x556abb1e8b00)
[link=0] ChannelAccessManager:GetAccessGrantStart(0x556abb1db3e0)
[link=0] access grant start=+10us, rx access start=+10us, busy access start=+10us, tx access start=+10us, nav access start=+10us, switching access start=+10us
[link=0] Backoff start for AC BE NQOS: +50us
[link=0] dcf 0 dec backoff slots=26
[link=0] ChannelAccessManager:IsBusy(0x556abb1db3e0)
[link=0] ChannelAccessManager:RequestAccess(0x556abb1db3e0, 0x556abb1e8b00)
[link=0] ChannelAccessManager:GetAccessGrantStart(0x556abb1db3e0)
[link=0] access grant start=+10us, rx access start=+10us, busy access start=+10us, tx access start=+10us, nav access start=+10us, switching access start=+10us
[link=0] ChannelAccessManager:UpdateBackoff(0x556abb1db3e0)
[link=0] ChannelAccessManager:GetBackoffStartFor(0x556abb1db3e0, 0x556abb1e8b00)
[link=0] ChannelAccessManager:GetAccessGrantStart(0x556abb1db3e0)
[link=0] access grant start=+10us, rx access start=+10us, busy access start=+10us, tx access start=+10us, nav access start=+10us, switching access start=+10us
[link=0] Backoff start for AC BE NQOS: +1.00005e+06us
[link=0] ChannelAccessManager:DoGrantDcfAccess(0x556abb1db3e0)
[link=0] ChannelAccessManager:GetBackoffEndFor(0x556abb1db3e0, 0x556abb1e8b00)
[link=0] ChannelAccessManager:GetBackoffStartFor(0x556abb1db3e0, 0x556abb1e8b00)
[link=0] ChannelAccessManager:GetAccessGrantStart(0x556abb1db3e0)
[link=0] access grant start=+10us, rx access start=+10us, busy access start=+10us, tx access start=+10us, nav access start=+10us, switching access start=+10us
[link=0] Backoff start for AC BE NQOS: +1.00005e+06us
[link=0] Backoff end for AC BE NQOS: +1.00005e+06us
[link=0] ChannelAccessManager:DoRestartAccessTimeoutIfNeeded(0x556abb1db3e0)
[link=0] ChannelAccessManager:GetBackoffEndFor(0x556abb1db3e0, 0x556abb1e8b00)
[link=0] ChannelAccessManager:GetBackoffStartFor(0x556abb1db3e0, 0x556abb1e8b00)
[link=0] ChannelAccessManager:GetAccessGrantStart(0x556abb1db3e0)
[link=0] access grant start=+10us, rx access start=+10us, busy access start=+10us, tx access start=+10us, nav access start=+10us, switching access start=+10us
[link=0] Backoff start for AC BE NQOS: +1.00005e+06us
[link=0] Backoff end for AC BE NQOS: +1.00005e+06us
[link=0] Access timeout needed: true
[link=0] expected backoff end=+1.00005e+09ns
[link=0] ChannelAccessManager:AccessTimeout(0x556abb1db3e0)
[link=0] ChannelAccessManager:UpdateBackoff(0x556abb1db3e0)
[link=0] ChannelAccessManager:GetBackoffStartFor(0x556abb1db3e0, 0x556abb1e8b00)
[link=0] ChannelAccessManager:GetAccessGrantStart(0x556abb1db3e0)
[link=0] access grant start=+10us, rx access start=+10us, busy access start=+10us, tx access start=+10us, nav access start=+10us, switching access start=+10us
[link=0] Backoff start for AC BE NQOS: +1.00005e+06us
[link=0] dcf 0 dec backoff slots=0
[link=0] ChannelAccessManager:DoGrantDcfAccess(0x556abb1db3e0)
[link=0] ChannelAccessManager:GetBackoffEndFor(0x556abb1db3e0, 0x556abb1e8b00)
[link=0] ChannelAccessManager:GetBackoffStartFor(0x556abb1db3e0, 0x556abb1e8b00)
[link=0] ChannelAccessManager:GetAccessGrantStart(0x556abb1db3e0)
[link=0] access grant start=+10us, rx access start=+10us, busy access start=+10us, tx access start=+10us, nav access start=+10us, switching access start=+10us
[link=0] Backoff start for AC BE NQOS: +1.00005e+06us
[link=0] Backoff end for AC BE NQOS: +1.00005e+06us
[link=0] dcf 0 needs access. backoff expired. access granted. slots=0
[link=0][mac=00:00:00:00:00:01] FrameExchangeManager:StartTransmission(0x556abb1dc3f0, 0x556abb1e8b00, 22)
[link=0][mac=00:00:00:00:00:01] MPDU payload size=22, to=ff:ff:ff:ff:ff:ff, seq=0
[link=0][mac=00:00:00:00:00:01] FrameExchangeManager:GetFirstFragmentIfNeeded(0x556abb1dc3f0, DATA, payloadSize=22, to=ff:ff:ff:ff:ff:ff, seqN=0, duration/ID=+0ns, queued=true, residualLifetime=+499950us, inflight=false, packet=0x556abb217b20)
[link=0][mac=00:00:00:00:00:01] FrameExchangeManager:SendMpduWithProtection(0x556abb1dc3f0, DATA, payloadSize=22, to=ff:ff:ff:ff:ff:ff, seqN=0, duration/ID=+0ns, queued=true, residualLifetime=+499950us, inflight=false, packet=0x556abb217b20, TXVECTOR=txpwrlvl: 0 preamble: LONG channel width: 22 GI: 800 NTx: 1 Ness: 0 MPDU aggregation: false STBC: false FEC coding: BCC mode: DsssRate1Mbps Nss: 1, Protection=NONE, Acknowledgment=NONE, PSDUs: [To=ff:ff:ff:ff:ff:ff, A-MSDU size=22, A-MPDU size=0])
[link=0][mac=00:00:00:00:00:01] FrameExchangeManager:StartProtection(0x556abb1dc3f0, TXVECTOR=txpwrlvl: 0 preamble: LONG channel width: 22 GI: 800 NTx: 1 Ness: 0 MPDU aggregation: false STBC: false FEC coding: BCC mode: DsssRate1Mbps Nss: 1, Protection=NONE, Acknowledgment=NONE, PSDUs: [To=ff:ff:ff:ff:ff:ff, A-MSDU size=22, A-MPDU size=0])
[link=0][mac=00:00:00:00:00:01] FrameExchangeManager:ProtectionCompleted(0x556abb1dc3f0)
[link=0][mac=00:00:00:00:00:01] FrameExchangeManager:SendMpdu(0x556abb1dc3f0)
[link=0][mac=00:00:00:00:00:01] 0x556abb1dc3f0DATA, payloadSize=22, to=ff:ff:ff:ff:ff:ff, seqN=0, duration/ID=+0ns, queued=true, residualLifetime=+499950us, inflight=true, packet=0x556abb217b20
[link=0][mac=00:00:00:00:00:01] FrameExchangeManager:ForwardMpduDown(0x556abb1dc3f0, DATA, payloadSize=22, to=ff:ff:ff:ff:ff:ff, seqN=0, duration/ID=+0ns, queued=false, packet=0x556abb217b20, txpwrlvl: 0 preamble: LONG channel width: 22 GI: 800 NTx: 1 Ness: 0 MPDU aggregation: false STBC: false FEC coding: BCC mode: DsssRate1Mbps Nss: 1)
[link=0][mac=00:00:00:00:00:01] FrameExchangeManager:FinalizeMacHeader(0x556abb1dc3f0, 0x556abb1ccba0)
[index=0][channel=1][band=2.4GHz] PhyEntity:ObtainNextUid(0x556abb1cf9e0)
WifiPhyStateHelper:SwitchToTx(0x556abb1c6670, +592000ns, PSDU for STA_ID=65535 (size=50, normal MPDU (DATA, payloadSize=22, to=ff:ff:ff:ff:ff:ff, seqN=0, duration/ID=+0ns, queued=false, packet=0x556abb217b20)) , 16.0206, txpwrlvl: 0 preamble: LONG channel width: 22 GI: 800 NTx: 1 Ness: 0 MPDU aggregation: false STBC: false FEC coding: BCC mode: DsssRate1Mbps Nss: 1)
WifiPhyStateHelper:LogPreviousIdleAndCcaBusyStates(0x556abb1c6670)
WifiPhyStateHelper:NotifyListeners(0x556abb1c6670)
[link=0] ChannelAccessManager:NotifyTxStartNow(0x556abb1db3e0, +592000ns)
[link=0] ChannelAccessManager:UpdateLastIdlePeriod(0x556abb1db3e0)
[link=0] New idle period (+0s, +1.00005s) on channel PRIMARY
[link=0] tx start for +592000ns
[link=0] ChannelAccessManager:UpdateBackoff(0x556abb1db3e0)
[link=0] ChannelAccessManager:GetBackoffStartFor(0x556abb1db3e0, 0x556abb1e8b00)
[link=0] ChannelAccessManager:GetAccessGrantStart(0x556abb1db3e0)
[link=0] access grant start=+10us, rx access start=+10us, busy access start=+10us, tx access start=+10us, nav access start=+10us, switching access start=+10us
[link=0] Backoff start for AC BE NQOS: +1.00005e+06us
[link=0] dcf 0 dec backoff slots=0
[link=0] ChannelAccessManager:DoRestartAccessTimeoutIfNeeded(0x556abb1db3e0)
[link=0] Access timeout needed: false
[index=0][channel=1][band=2.4GHz] PhyEntity:StartReceivePreamble(0x556abb181bb0, [ preamble=LONG, modulation=DSSS, truncatedTx=N, UID=0, PSDU=0x556abb1ccba0 ], 1.32342e-09)
[index=0][channel=1][band=2.4GHz] PhyEntity:AddPreambleEvent(0x556abb181bb0, start=+1.00005e+09ns, end=+1.00064e+09ns, power=1.32342e-09W, PPDU=[ preamble=LONG, modulation=DSSS, truncatedTx=N, UID=0, PSDU=0x556abb1ccba0 ])
[index=0][channel=1][band=2.4GHz] PhyEntity:StartPreambleDetectionPeriod(0x556abb181bb0, start=+1.00005e+09ns, end=+1.00064e+09ns, power=1.32342e-09W, PPDU=[ preamble=LONG, modulation=DSSS, truncatedTx=N, UID=0, PSDU=0x556abb1ccba0 ])
[index=0][channel=1][band=2.4GHz] Sync to signal (power=-58.783dBm)
[index=0][channel=1][band=2.4GHz] PhyEntity:StartReceivePreamble(0x556abb1dfdd0, [ preamble=LONG, modulation=DSSS, truncatedTx=N, UID=0, PSDU=0x556abb1ccba0 ], 1.32342e-09)
[index=0][channel=1][band=2.4GHz] PhyEntity:AddPreambleEvent(0x556abb1dfdd0, start=+1.00005e+09ns, end=+1.00064e+09ns, power=1.32342e-09W, PPDU=[ preamble=LONG, modulation=DSSS, truncatedTx=N, UID=0, PSDU=0x556abb1ccba0 ])
[index=0][channel=1][band=2.4GHz] PhyEntity:StartPreambleDetectionPeriod(0x556abb1dfdd0, start=+1.00005e+09ns, end=+1.00064e+09ns, power=1.32342e-09W, PPDU=[ preamble=LONG, modulation=DSSS, truncatedTx=N, UID=0, PSDU=0x556abb1ccba0 ])
[index=0][channel=1][band=2.4GHz] Sync to signal (power=-58.783dBm)
[index=0][channel=1][band=2.4GHz] PhyEntity:EndPreambleDetectionPeriod(0x556abb181bb0, start=+1.00005e+09ns, end=+1.00064e+09ns, power=1.32342e-09W, PPDU=[ preamble=LONG, modulation=DSSS, truncatedTx=N, UID=0, PSDU=0x556abb1ccba0 ])
[index=0][channel=1][band=2.4GHz] SNR(dB)=35.183 at end of preamble detection period
[index=0][channel=1][band=2.4GHz] PhyEntity:CancelRunningEndPreambleDetectionEvents(0x556abb181bb0)
[index=0][channel=1][band=2.4GHz] PhyEntity:CancelRunningEndPreambleDetectionEvents(0x556abb181bb0)
[index=0][channel=1][band=2.4GHz] PhyEntity:NotifyCcaBusy(0x556abb181bb0, +140000ns, PRIMARY)
[index=0][channel=1][band=2.4GHz] CCA busy for PRIMARY during +0.00014s
WifiPhyStateHelper:SwitchMaybeToCcaBusy(0x556abb1c6510, +140000ns, PRIMARY)
WifiPhyStateHelper:NotifyListeners(0x556abb1c6510)
[link=0] ChannelAccessManager:NotifyCcaBusyStartNow(0x556abb1df340, +140000ns, PRIMARY)
[link=0] ChannelAccessManager:UpdateBackoff(0x556abb1df340)
[link=0] ChannelAccessManager:GetBackoffStartFor(0x556abb1df340, 0x556abb1dcb20)
[link=0] ChannelAccessManager:GetAccessGrantStart(0x556abb1df340)
[link=0] access grant start=+10us, rx access start=+10us, busy access start=+10us, tx access start=+10us, nav access start=+10us, switching access start=+10us
[link=0] Backoff start for AC BE NQOS: +50us
[link=0] dcf 0 dec backoff slots=5
[link=0] ChannelAccessManager:UpdateLastIdlePeriod(0x556abb1df340)
[link=0] New idle period (+0s, +1.00005s) on channel PRIMARY
WifiPhyStateHelper:LogPreviousIdleAndCcaBusyStates(0x556abb1c6510)
[index=0][channel=1][band=2.4GHz] PhyEntity:EndPreambleDetectionPeriod(0x556abb1dfdd0, start=+1.00005e+09ns, end=+1.00064e+09ns, power=1.32342e-09W, PPDU=[ preamble=LONG, modulation=DSSS, truncatedTx=N, UID=0, PSDU=0x556abb1ccba0 ])
[index=0][channel=1][band=2.4GHz] SNR(dB)=35.183 at end of preamble detection period
[index=0][channel=1][band=2.4GHz] PhyEntity:CancelRunningEndPreambleDetectionEvents(0x556abb1dfdd0)
[index=0][channel=1][band=2.4GHz] PhyEntity:CancelRunningEndPreambleDetectionEvents(0x556abb1dfdd0)
[index=0][channel=1][band=2.4GHz] PhyEntity:NotifyCcaBusy(0x556abb1dfdd0, +140000ns, PRIMARY)
[index=0][channel=1][band=2.4GHz] CCA busy for PRIMARY during +0.00014s
WifiPhyStateHelper:SwitchMaybeToCcaBusy(0x556abb1c67d0, +140000ns, PRIMARY)
WifiPhyStateHelper:NotifyListeners(0x556abb1c67d0)
[link=0] ChannelAccessManager:NotifyCcaBusyStartNow(0x556abb2188d0, +140000ns, PRIMARY)
[link=0] ChannelAccessManager:UpdateBackoff(0x556abb2188d0)
[link=0] ChannelAccessManager:GetBackoffStartFor(0x556abb2188d0, 0x556abb1dcc50)
[link=0] ChannelAccessManager:GetAccessGrantStart(0x556abb2188d0)
[link=0] access grant start=+10us, rx access start=+10us, busy access start=+10us, tx access start=+10us, nav access start=+10us, switching access start=+10us
[link=0] Backoff start for AC BE NQOS: +50us
[link=0] dcf 0 dec backoff slots=13
[link=0] ChannelAccessManager:UpdateLastIdlePeriod(0x556abb2188d0)
[link=0] New idle period (+0s, +1.00005s) on channel PRIMARY
WifiPhyStateHelper:LogPreviousIdleAndCcaBusyStates(0x556abb1c67d0)
[index=0][channel=1][band=2.4GHz] PhyEntity:EndReceiveField(0x556abb181bb0, preamble, start=+1.00005e+09ns, end=+1.00064e+09ns, power=1.32342e-09W, PPDU=[ preamble=LONG, modulation=DSSS, truncatedTx=N, UID=0, PSDU=0x556abb1ccba0 ])
[index=0][channel=1][band=2.4GHz] PhyEntity:DoEndReceiveField(0x556abb181bb0, preamble, start=+1.00005e+09ns, end=+1.00064e+09ns, power=1.32342e-09W, PPDU=[ preamble=LONG, modulation=DSSS, truncatedTx=N, UID=0, PSDU=0x556abb1ccba0 ])
[index=0][channel=1][band=2.4GHz] PhyEntity:DoEndReceivePreamble(0x556abb181bb0, start=+1.00005e+09ns, end=+1.00064e+09ns, power=1.32342e-09W, PPDU=[ preamble=LONG, modulation=DSSS, truncatedTx=N, UID=0, PSDU=0x556abb1ccba0 ])
[index=0][channel=1][band=2.4GHz] PhyEntity:StartReceiveField(0x556abb181bb0, non-HT header, start=+1.00005e+09ns, end=+1.00064e+09ns, power=1.32342e-09W, PPDU=[ preamble=LONG, modulation=DSSS, truncatedTx=N, UID=0, PSDU=0x556abb1ccba0 ])
[index=0][channel=1][band=2.4GHz] PhyEntity:DoStartReceiveField(0x556abb181bb0, non-HT header, start=+1.00005e+09ns, end=+1.00064e+09ns, power=1.32342e-09W, PPDU=[ preamble=LONG, modulation=DSSS, truncatedTx=N, UID=0, PSDU=0x556abb1ccba0 ])
[index=0][channel=1][band=2.4GHz] PhyEntity:NotifyCcaBusy(0x556abb181bb0, +48000ns, PRIMARY)
[index=0][channel=1][band=2.4GHz] CCA busy for PRIMARY during +4.8e-05s
WifiPhyStateHelper:SwitchMaybeToCcaBusy(0x556abb1c6510, +48000ns, PRIMARY)
WifiPhyStateHelper:NotifyListeners(0x556abb1c6510)
[link=0] ChannelAccessManager:NotifyCcaBusyStartNow(0x556abb1df340, +48000ns, PRIMARY)
[link=0] ChannelAccessManager:UpdateBackoff(0x556abb1df340)
[link=0] ChannelAccessManager:GetBackoffStartFor(0x556abb1df340, 0x556abb1dcb20)
[link=0] ChannelAccessManager:GetAccessGrantStart(0x556abb1df340)
[link=0] access grant start=+1.0002e+06us, rx access start=+10us, busy access start=+1.0002e+06us, tx access start=+10us, nav access start=+10us, switching access start=+10us
[link=0] Backoff start for AC BE NQOS: +1.00024e+06us
[link=0] ChannelAccessManager:UpdateLastIdlePeriod(0x556abb1df340)
WifiPhyStateHelper:LogPreviousIdleAndCcaBusyStates(0x556abb1c6510)
[index=0][channel=1][band=2.4GHz] PhyEntity:EndReceiveField(0x556abb1dfdd0, preamble, start=+1.00005e+09ns, end=+1.00064e+09ns, power=1.32342e-09W, PPDU=[ preamble=LONG, modulation=DSSS, truncatedTx=N, UID=0, PSDU=0x556abb1ccba0 ])
[index=0][channel=1][band=2.4GHz] PhyEntity:DoEndReceiveField(0x556abb1dfdd0, preamble, start=+1.00005e+09ns, end=+1.00064e+09ns, power=1.32342e-09W, PPDU=[ preamble=LONG, modulation=DSSS, truncatedTx=N, UID=0, PSDU=0x556abb1ccba0 ])
[index=0][channel=1][band=2.4GHz] PhyEntity:DoEndReceivePreamble(0x556abb1dfdd0, start=+1.00005e+09ns, end=+1.00064e+09ns, power=1.32342e-09W, PPDU=[ preamble=LONG, modulation=DSSS, truncatedTx=N, UID=0, PSDU=0x556abb1ccba0 ])
[index=0][channel=1][band=2.4GHz] PhyEntity:StartReceiveField(0x556abb1dfdd0, non-HT header, start=+1.00005e+09ns, end=+1.00064e+09ns, power=1.32342e-09W, PPDU=[ preamble=LONG, modulation=DSSS, truncatedTx=N, UID=0, PSDU=0x556abb1ccba0 ])
[index=0][channel=1][band=2.4GHz] PhyEntity:DoStartReceiveField(0x556abb1dfdd0, non-HT header, start=+1.00005e+09ns, end=+1.00064e+09ns, power=1.32342e-09W, PPDU=[ preamble=LONG, modulation=DSSS, truncatedTx=N, UID=0, PSDU=0x556abb1ccba0 ])
[index=0][channel=1][band=2.4GHz] PhyEntity:NotifyCcaBusy(0x556abb1dfdd0, +48000ns, PRIMARY)
[index=0][channel=1][band=2.4GHz] CCA busy for PRIMARY during +4.8e-05s
WifiPhyStateHelper:SwitchMaybeToCcaBusy(0x556abb1c67d0, +48000ns, PRIMARY)
WifiPhyStateHelper:NotifyListeners(0x556abb1c67d0)
[link=0] ChannelAccessManager:NotifyCcaBusyStartNow(0x556abb2188d0, +48000ns, PRIMARY)
[link=0] ChannelAccessManager:UpdateBackoff(0x556abb2188d0)
[link=0] ChannelAccessManager:GetBackoffStartFor(0x556abb2188d0, 0x556abb1dcc50)
[link=0] ChannelAccessManager:GetAccessGrantStart(0x556abb2188d0)
[link=0] access grant start=+1.0002e+06us, rx access start=+10us, busy access start=+1.0002e+06us, tx access start=+10us, nav access start=+10us, switching access start=+10us
[link=0] Backoff start for AC BE NQOS: +1.00024e+06us
[link=0] ChannelAccessManager:UpdateLastIdlePeriod(0x556abb2188d0)
WifiPhyStateHelper:LogPreviousIdleAndCcaBusyStates(0x556abb1c67d0)
[index=0][channel=1][band=2.4GHz] PhyEntity:EndReceiveField(0x556abb181bb0, non-HT header, start=+1.00005e+09ns, end=+1.00064e+09ns, power=1.32342e-09W, PPDU=[ preamble=LONG, modulation=DSSS, truncatedTx=N, UID=0, PSDU=0x556abb1ccba0 ])
[index=0][channel=1][band=2.4GHz] PhyEntity:StartReceiveField(0x556abb181bb0, data, start=+1.00005e+09ns, end=+1.00064e+09ns, power=1.32342e-09W, PPDU=[ preamble=LONG, modulation=DSSS, truncatedTx=N, UID=0, PSDU=0x556abb1ccba0 ])
[index=0][channel=1][band=2.4GHz] PhyEntity:StartReceivePayload(0x556abb181bb0, start=+1.00005e+09ns, end=+1.00064e+09ns, power=1.32342e-09W, PPDU=[ preamble=LONG, modulation=DSSS, truncatedTx=N, UID=0, PSDU=0x556abb1ccba0 ])
[index=0][channel=1][band=2.4GHz] PhyEntity:DoStartReceivePayload(0x556abb181bb0, start=+1.00005e+09ns, end=+1.00064e+09ns, power=1.32342e-09W, PPDU=[ preamble=LONG, modulation=DSSS, truncatedTx=N, UID=0, PSDU=0x556abb1ccba0 ])
[index=0][channel=1][band=2.4GHz] Receiving PSDU
[index=0][channel=1][band=2.4GHz] PhyEntity:ScheduleEndOfMpdus(0x556abb181bb0, start=+1.00005e+09ns, end=+1.00064e+09ns, power=1.32342e-09W, PPDU=[ preamble=LONG, modulation=DSSS, truncatedTx=N, UID=0, PSDU=0x556abb1ccba0 ])
[index=0][channel=1][band=2.4GHz] Schedule end of MPDU #0 in +400000ns (relativeStart=+0ns, mpduDuration=+400000ns, remainingAmdpuDuration=+0ns)
[link=0][mac=00:00:00:00:00:02] FrameExchangeManager:RxStartIndication(0x556abb1e04d0, "PSDU reception started for ", +400us, " (txVector: ", txpwrlvl: 0 preamble: LONG channel width: 22 GI: 800 NTx: 1 Ness: 0 MPDU aggregation: false STBC: false FEC coding: BCC mode: DsssRate1Mbps Nss: 1, ")")
WifiPhyStateHelper:SwitchToRx(0x556abb1c6510, +400000ns)
WifiPhyStateHelper:LogPreviousIdleAndCcaBusyStates(0x556abb1c6510)
WifiPhyStateHelper:NotifyListeners(0x556abb1c6510)
[link=0] ChannelAccessManager:NotifyRxStartNow(0x556abb1df340, +400000ns)
[link=0] rx start for=+400000ns
[link=0] ChannelAccessManager:UpdateBackoff(0x556abb1df340)
[link=0] ChannelAccessManager:GetBackoffStartFor(0x556abb1df340, 0x556abb1dcb20)
[link=0] ChannelAccessManager:GetAccessGrantStart(0x556abb1df340)
[link=0] access grant start=+1.00025e+06us, rx access start=+10us, busy access start=+1.00025e+06us, tx access start=+10us, nav access start=+10us, switching access start=+10us
[link=0] Backoff start for AC BE NQOS: +1.00029e+06us
[link=0] ChannelAccessManager:UpdateLastIdlePeriod(0x556abb1df340)
[index=0][channel=1][band=2.4GHz] PhyEntity:EndReceiveField(0x556abb1dfdd0, non-HT header, start=+1.00005e+09ns, end=+1.00064e+09ns, power=1.32342e-09W, PPDU=[ preamble=LONG, modulation=DSSS, truncatedTx=N, UID=0, PSDU=0x556abb1ccba0 ])
[index=0][channel=1][band=2.4GHz] PhyEntity:StartReceiveField(0x556abb1dfdd0, data, start=+1.00005e+09ns, end=+1.00064e+09ns, power=1.32342e-09W, PPDU=[ preamble=LONG, modulation=DSSS, truncatedTx=N, UID=0, PSDU=0x556abb1ccba0 ])
[index=0][channel=1][band=2.4GHz] PhyEntity:StartReceivePayload(0x556abb1dfdd0, start=+1.00005e+09ns, end=+1.00064e+09ns, power=1.32342e-09W, PPDU=[ preamble=LONG, modulation=DSSS, truncatedTx=N, UID=0, PSDU=0x556abb1ccba0 ])
[index=0][channel=1][band=2.4GHz] PhyEntity:DoStartReceivePayload(0x556abb1dfdd0, start=+1.00005e+09ns, end=+1.00064e+09ns, power=1.32342e-09W, PPDU=[ preamble=LONG, modulation=DSSS, truncatedTx=N, UID=0, PSDU=0x556abb1ccba0 ])
[index=0][channel=1][band=2.4GHz] Receiving PSDU
[index=0][channel=1][band=2.4GHz] PhyEntity:ScheduleEndOfMpdus(0x556abb1dfdd0, start=+1.00005e+09ns, end=+1.00064e+09ns, power=1.32342e-09W, PPDU=[ preamble=LONG, modulation=DSSS, truncatedTx=N, UID=0, PSDU=0x556abb1ccba0 ])
[index=0][channel=1][band=2.4GHz] Schedule end of MPDU #0 in +400000ns (relativeStart=+0ns, mpduDuration=+400000ns, remainingAmdpuDuration=+0ns)
[link=0][mac=00:00:00:00:00:03] FrameExchangeManager:RxStartIndication(0x556abb219a60, "PSDU reception started for ", +400us, " (txVector: ", txpwrlvl: 0 preamble: LONG channel width: 22 GI: 800 NTx: 1 Ness: 0 MPDU aggregation: false STBC: false FEC coding: BCC mode: DsssRate1Mbps Nss: 1, ")")
WifiPhyStateHelper:SwitchToRx(0x556abb1c67d0, +400000ns)
WifiPhyStateHelper:LogPreviousIdleAndCcaBusyStates(0x556abb1c67d0)
WifiPhyStateHelper:NotifyListeners(0x556abb1c67d0)
[link=0] ChannelAccessManager:NotifyRxStartNow(0x556abb2188d0, +400000ns)
[link=0] rx start for=+400000ns
[link=0] ChannelAccessManager:UpdateBackoff(0x556abb2188d0)
[link=0] ChannelAccessManager:GetBackoffStartFor(0x556abb2188d0, 0x556abb1dcc50)
[link=0] ChannelAccessManager:GetAccessGrantStart(0x556abb2188d0)
[link=0] access grant start=+1.00025e+06us, rx access start=+10us, busy access start=+1.00025e+06us, tx access start=+10us, nav access start=+10us, switching access start=+10us
[link=0] Backoff start for AC BE NQOS: +1.00029e+06us
[link=0] ChannelAccessManager:UpdateLastIdlePeriod(0x556abb2188d0)
[link=0][mac=00:00:00:00:00:01] FrameExchangeManager:TransmissionSucceeded(0x556abb1dc3f0)
[link=0][mac=00:00:00:00:00:01] FrameExchangeManager:NotifyChannelReleased(0x556abb1dc3f0, 0x556abb1e8b00)
[index=0][channel=1][band=2.4GHz] PhyEntity:CancelAllEvents(0x556abb1cf9e0)
[index=0][channel=1][band=2.4GHz] PhyEntity:CancelRunningEndPreambleDetectionEvents(0x556abb1cf9e0)
[index=0][channel=1][band=2.4GHz] PhyEntity:CancelAllEvents(0x556abb1cf9e0)
[index=0][channel=1][band=2.4GHz] PhyEntity:CancelRunningEndPreambleDetectionEvents(0x556abb1cf9e0)
[index=0][channel=1][band=2.4GHz] PhyEntity:GetCcaIndication(0x556abb1cf9e0, 22)
[index=0][channel=1][band=2.4GHz] PhyEntity:EndOfMpdu(0x556abb181bb0, start=+1.00005e+09ns, end=+1.00064e+09ns, power=1.32342e-09W, PPDU=[ preamble=LONG, modulation=DSSS, truncatedTx=N, UID=0, PSDU=0x556abb1ccba0 ], 0, +0ns, +400000ns)
[index=0][channel=1][band=2.4GHz] PhyEntity:GetReceptionStatus(0x556abb181bb0, size=50, normal MPDU (DATA, payloadSize=22, to=ff:ff:ff:ff:ff:ff, seqN=0, duration/ID=+0ns, queued=false, packet=0x556abb217b20), start=+1.00005e+09ns, end=+1.00064e+09ns, power=1.32342e-09W, PPDU=[ preamble=LONG, modulation=DSSS, truncatedTx=N, UID=0, PSDU=0x556abb1ccba0 ], 65535, +0ns, +400000ns)
[index=0][channel=1][band=2.4GHz] rate=1000000, SNR(dB)=35.183, PER=0, size=50, relativeStart = +0ns, duration = +400000ns
[index=0][channel=1][band=2.4GHz] Reception succeeded: 0x556abb1e0b30
[index=0][channel=1][band=2.4GHz] Extracted MPDU #0: duration: +400000ns, correct reception: true, Signal/Noise: -58.783/-93.966dBm
[index=0][channel=1][band=2.4GHz] PhyEntity:EndReceivePayload(0x556abb181bb0, start=+1.00005e+09ns, end=+1.00064e+09ns, power=1.32342e-09W, PPDU=[ preamble=LONG, modulation=DSSS, truncatedTx=N, UID=0, PSDU=0x556abb1ccba0 ], +400000ns)
[index=0][channel=1][band=2.4GHz] PhyEntity:RxPayloadSucceeded(0x556abb181bb0, size=50, normal MPDU (DATA, payloadSize=22, to=ff:ff:ff:ff:ff:ff, seqN=0, duration/ID=+0ns, queued=false, packet=0x556abb217b20), txpwrlvl: 0 preamble: LONG channel width: 22 GI: 800 NTx: 1 Ness: 0 MPDU aggregation: false STBC: false FEC coding: BCC mode: DsssRate1Mbps Nss: 1)
WifiPhyStateHelper:SwitchFromRxEndOk(0x556abb1c6510)
WifiPhyStateHelper:NotifyListeners(0x556abb1c6510)
[link=0] ChannelAccessManager:NotifyRxEndOkNow(0x556abb1df340)
[link=0] rx end ok
WifiPhyStateHelper:DoSwitchFromRx(0x556abb1c6510)
[index=0][channel=1][band=2.4GHz] PhyEntity:DoEndReceivePayload(0x556abb181bb0, [ preamble=LONG, modulation=DSSS, truncatedTx=N, UID=0, PSDU=0x556abb1ccba0 ])
[index=0][channel=1][band=2.4GHz] PhyEntity:GetCcaIndication(0x556abb181bb0, 20)
[index=0][channel=1][band=2.4GHz] PhyEntity:GetCcaIndication(0x556abb181bb0, 22)
WifiPhyStateHelper:NotifyRxPsduSucceeded(0x556abb1c6510, size=50, normal MPDU (DATA, payloadSize=22, to=ff:ff:ff:ff:ff:ff, seqN=0, duration/ID=+0ns, queued=false, packet=0x556abb217b20), SNR:35.183 dB, RSSI:-58.783 dBm, txpwrlvl: 0 preamble: LONG channel width: 22 GI: 800 NTx: 1 Ness: 0 MPDU aggregation: false STBC: false FEC coding: BCC mode: DsssRate1Mbps Nss: 1, 65535, 1, 1)
[link=0][mac=00:00:00:00:00:02] FrameExchangeManager:Receive(0x556abb1e04d0, 0x556abb1ccba0, SNR:35.183 dB, RSSI:-58.783 dBm, txpwrlvl: 0 preamble: LONG channel width: 22 GI: 800 NTx: 1 Ness: 0 MPDU aggregation: false STBC: false FEC coding: BCC mode: DsssRate1Mbps Nss: 1, 1, 1)
[link=0][mac=00:00:00:00:00:02] FrameExchangeManager:PreProcessFrame(0x556abb1e04d0, 0x556abb1ccba0, txpwrlvl: 0 preamble: LONG channel width: 22 GI: 800 NTx: 1 Ness: 0 MPDU aggregation: false STBC: false FEC coding: BCC mode: DsssRate1Mbps Nss: 1)
[link=0][mac=00:00:00:00:00:02] FrameExchangeManager:ReceiveMpdu(0x556abb1e04d0, DATA, payloadSize=22, to=ff:ff:ff:ff:ff:ff, seqN=0, duration/ID=+0ns, queued=false, packet=0x556abb217b20, SNR:35.183 dB, RSSI:-58.783 dBm, txpwrlvl: 0 preamble: LONG channel width: 22 GI: 800 NTx: 1 Ness: 0 MPDU aggregation: false STBC: false FEC coding: BCC mode: DsssRate1Mbps Nss: 1, 0)
 >        +1000.64ms    [ 1]  << RECV: #0:0
[link=0][mac=00:00:00:00:00:02] FrameExchangeManager:PostProcessFrame(0x556abb1e04d0, 0x556abb1ccba0, txpwrlvl: 0 preamble: LONG channel width: 22 GI: 800 NTx: 1 Ness: 0 MPDU aggregation: false STBC: false FEC coding: BCC mode: DsssRate1Mbps Nss: 1)
[link=0][mac=00:00:00:00:00:02] FrameExchangeManager:UpdateNav(0x556abb1e04d0, 0x556abb1ccba0, txpwrlvl: 0 preamble: LONG channel width: 22 GI: 800 NTx: 1 Ness: 0 MPDU aggregation: false STBC: false FEC coding: BCC mode: DsssRate1Mbps Nss: 1)
[link=0][mac=00:00:00:00:00:02] Duration/ID=+0ns
[link=0][mac=00:00:00:00:00:02] Updated NAV=+1.00064e+09ns
[link=0][mac=00:00:00:00:00:02] Current NAV=+1.00064e+09ns
[link=0] ChannelAccessManager:NotifyNavStartNow(0x556abb1df340, +0ns)
[link=0] nav start for=+0ns
[link=0] ChannelAccessManager:UpdateBackoff(0x556abb1df340)
[link=0] ChannelAccessManager:GetBackoffStartFor(0x556abb1df340, 0x556abb1dcb20)
[link=0] ChannelAccessManager:GetAccessGrantStart(0x556abb1df340)
[link=0] access grant start=+1.00065e+06us, rx access start=+1.00065e+06us, busy access start=+1.00025e+06us, tx access start=+10us, nav access start=+10us, switching access start=+10us
[link=0] Backoff start for AC BE NQOS: +1.00069e+06us
[index=0][channel=1][band=2.4GHz] PhyEntity:EndOfMpdu(0x556abb1dfdd0, start=+1.00005e+09ns, end=+1.00064e+09ns, power=1.32342e-09W, PPDU=[ preamble=LONG, modulation=DSSS, truncatedTx=N, UID=0, PSDU=0x556abb1ccba0 ], 0, +0ns, +400000ns)
[index=0][channel=1][band=2.4GHz] PhyEntity:GetReceptionStatus(0x556abb1dfdd0, size=50, normal MPDU (DATA, payloadSize=22, to=ff:ff:ff:ff:ff:ff, seqN=0, duration/ID=+0ns, queued=false, packet=0x556abb217b20), start=+1.00005e+09ns, end=+1.00064e+09ns, power=1.32342e-09W, PPDU=[ preamble=LONG, modulation=DSSS, truncatedTx=N, UID=0, PSDU=0x556abb1ccba0 ], 65535, +0ns, +400000ns)
[index=0][channel=1][band=2.4GHz] rate=1000000, SNR(dB)=35.183, PER=0, size=50, relativeStart = +0ns, duration = +400000ns
[index=0][channel=1][band=2.4GHz] Reception succeeded: 0x556abb222530
[index=0][channel=1][band=2.4GHz] Extracted MPDU #0: duration: +400000ns, correct reception: true, Signal/Noise: -58.783/-93.966dBm
[index=0][channel=1][band=2.4GHz] PhyEntity:EndReceivePayload(0x556abb1dfdd0, start=+1.00005e+09ns, end=+1.00064e+09ns, power=1.32342e-09W, PPDU=[ preamble=LONG, modulation=DSSS, truncatedTx=N, UID=0, PSDU=0x556abb1ccba0 ], +400000ns)
[index=0][channel=1][band=2.4GHz] PhyEntity:RxPayloadSucceeded(0x556abb1dfdd0, size=50, normal MPDU (DATA, payloadSize=22, to=ff:ff:ff:ff:ff:ff, seqN=0, duration/ID=+0ns, queued=false, packet=0x556abb217b20), txpwrlvl: 0 preamble: LONG channel width: 22 GI: 800 NTx: 1 Ness: 0 MPDU aggregation: false STBC: false FEC coding: BCC mode: DsssRate1Mbps Nss: 1)
WifiPhyStateHelper:SwitchFromRxEndOk(0x556abb1c67d0)
WifiPhyStateHelper:NotifyListeners(0x556abb1c67d0)
[link=0] ChannelAccessManager:NotifyRxEndOkNow(0x556abb2188d0)
[link=0] rx end ok
WifiPhyStateHelper:DoSwitchFromRx(0x556abb1c67d0)
[index=0][channel=1][band=2.4GHz] PhyEntity:DoEndReceivePayload(0x556abb1dfdd0, [ preamble=LONG, modulation=DSSS, truncatedTx=N, UID=0, PSDU=0x556abb1ccba0 ])
[index=0][channel=1][band=2.4GHz] PhyEntity:GetCcaIndication(0x556abb1dfdd0, 20)
[index=0][channel=1][band=2.4GHz] PhyEntity:GetCcaIndication(0x556abb1dfdd0, 22)
WifiPhyStateHelper:NotifyRxPsduSucceeded(0x556abb1c67d0, size=50, normal MPDU (DATA, payloadSize=22, to=ff:ff:ff:ff:ff:ff, seqN=0, duration/ID=+0ns, queued=false, packet=0x556abb217b20), SNR:35.183 dB, RSSI:-58.783 dBm, txpwrlvl: 0 preamble: LONG channel width: 22 GI: 800 NTx: 1 Ness: 0 MPDU aggregation: false STBC: false FEC coding: BCC mode: DsssRate1Mbps Nss: 1, 65535, 1, 1)
[link=0][mac=00:00:00:00:00:03] FrameExchangeManager:Receive(0x556abb219a60, 0x556abb1ccba0, SNR:35.183 dB, RSSI:-58.783 dBm, txpwrlvl: 0 preamble: LONG channel width: 22 GI: 800 NTx: 1 Ness: 0 MPDU aggregation: false STBC: false FEC coding: BCC mode: DsssRate1Mbps Nss: 1, 1, 1)
[link=0][mac=00:00:00:00:00:03] FrameExchangeManager:PreProcessFrame(0x556abb219a60, 0x556abb1ccba0, txpwrlvl: 0 preamble: LONG channel width: 22 GI: 800 NTx: 1 Ness: 0 MPDU aggregation: false STBC: false FEC coding: BCC mode: DsssRate1Mbps Nss: 1)
[link=0][mac=00:00:00:00:00:03] FrameExchangeManager:ReceiveMpdu(0x556abb219a60, DATA, payloadSize=22, to=ff:ff:ff:ff:ff:ff, seqN=0, duration/ID=+0ns, queued=false, packet=0x556abb217b20, SNR:35.183 dB, RSSI:-58.783 dBm, txpwrlvl: 0 preamble: LONG channel width: 22 GI: 800 NTx: 1 Ness: 0 MPDU aggregation: false STBC: false FEC coding: BCC mode: DsssRate1Mbps Nss: 1, 0)
 >        +1000.64ms    [ 2]  << RECV: #0:0
[link=0][mac=00:00:00:00:00:03] FrameExchangeManager:PostProcessFrame(0x556abb219a60, 0x556abb1ccba0, txpwrlvl: 0 preamble: LONG channel width: 22 GI: 800 NTx: 1 Ness: 0 MPDU aggregation: false STBC: false FEC coding: BCC mode: DsssRate1Mbps Nss: 1)
[link=0][mac=00:00:00:00:00:03] FrameExchangeManager:UpdateNav(0x556abb219a60, 0x556abb1ccba0, txpwrlvl: 0 preamble: LONG channel width: 22 GI: 800 NTx: 1 Ness: 0 MPDU aggregation: false STBC: false FEC coding: BCC mode: DsssRate1Mbps Nss: 1)
[link=0][mac=00:00:00:00:00:03] Duration/ID=+0ns
[link=0][mac=00:00:00:00:00:03] Updated NAV=+1.00064e+09ns
[link=0][mac=00:00:00:00:00:03] Current NAV=+1.00064e+09ns
[link=0] ChannelAccessManager:NotifyNavStartNow(0x556abb2188d0, +0ns)
[link=0] nav start for=+0ns
[link=0] ChannelAccessManager:UpdateBackoff(0x556abb2188d0)
[link=0] ChannelAccessManager:GetBackoffStartFor(0x556abb2188d0, 0x556abb1dcc50)
[link=0] ChannelAccessManager:GetAccessGrantStart(0x556abb2188d0)
[link=0] access grant start=+1.00065e+06us, rx access start=+1.00065e+06us, busy access start=+1.00025e+06us, tx access start=+10us, nav access start=+10us, switching access start=+10us
[link=0] Backoff start for AC BE NQOS: +1.00069e+06us
 >        +2000.64ms    [ 1]  >> SEND: #1:0 :OK
 >        +2000.64ms    [ 2]  >> SEND: #2:0 :OK
[link=0] ChannelAccessManager:NeedBackoffUponAccess(0x556abb1df340, 0x556abb1dcb20, 0, 1)
[link=0] ChannelAccessManager:UpdateBackoff(0x556abb1df340)
[link=0] ChannelAccessManager:GetBackoffStartFor(0x556abb1df340, 0x556abb1dcb20)
[link=0] ChannelAccessManager:GetAccessGrantStart(0x556abb1df340)
[link=0] access grant start=+1.00065e+06us, rx access start=+1.00065e+06us, busy access start=+1.00025e+06us, tx access start=+10us, nav access start=+1.00065e+06us, switching access start=+10us
[link=0] Backoff start for AC BE NQOS: +1.00069e+06us
[link=0] dcf 0 dec backoff slots=0
[link=0] ChannelAccessManager:IsBusy(0x556abb1df340)
[link=0] ChannelAccessManager:RequestAccess(0x556abb1df340, 0x556abb1dcb20)
[link=0] ChannelAccessManager:GetAccessGrantStart(0x556abb1df340)
[link=0] access grant start=+1.00065e+06us, rx access start=+1.00065e+06us, busy access start=+1.00025e+06us, tx access start=+10us, nav access start=+1.00065e+06us, switching access start=+10us
[link=0] ChannelAccessManager:UpdateBackoff(0x556abb1df340)
[link=0] ChannelAccessManager:GetBackoffStartFor(0x556abb1df340, 0x556abb1dcb20)
[link=0] ChannelAccessManager:GetAccessGrantStart(0x556abb1df340)
[link=0] access grant start=+1.00065e+06us, rx access start=+1.00065e+06us, busy access start=+1.00025e+06us, tx access start=+10us, nav access start=+1.00065e+06us, switching access start=+10us
[link=0] Backoff start for AC BE NQOS: +2.00069e+06us
[link=0] ChannelAccessManager:DoGrantDcfAccess(0x556abb1df340)
[link=0] ChannelAccessManager:GetBackoffEndFor(0x556abb1df340, 0x556abb1dcb20)
[link=0] ChannelAccessManager:GetBackoffStartFor(0x556abb1df340, 0x556abb1dcb20)
[link=0] ChannelAccessManager:GetAccessGrantStart(0x556abb1df340)
[link=0] access grant start=+1.00065e+06us, rx access start=+1.00065e+06us, busy access start=+1.00025e+06us, tx access start=+10us, nav access start=+1.00065e+06us, switching access start=+10us
[link=0] Backoff start for AC BE NQOS: +2.00069e+06us
[link=0] Backoff end for AC BE NQOS: +2.00069e+06us
[link=0] ChannelAccessManager:DoRestartAccessTimeoutIfNeeded(0x556abb1df340)
[link=0] ChannelAccessManager:GetBackoffEndFor(0x556abb1df340, 0x556abb1dcb20)
[link=0] ChannelAccessManager:GetBackoffStartFor(0x556abb1df340, 0x556abb1dcb20)
[link=0] ChannelAccessManager:GetAccessGrantStart(0x556abb1df340)
[link=0] access grant start=+1.00065e+06us, rx access start=+1.00065e+06us, busy access start=+1.00025e+06us, tx access start=+10us, nav access start=+1.00065e+06us, switching access start=+10us
[link=0] Backoff start for AC BE NQOS: +2.00069e+06us
[link=0] Backoff end for AC BE NQOS: +2.00069e+06us
[link=0] Access timeout needed: true
[link=0] expected backoff end=+2.00069e+09ns
[link=0] ChannelAccessManager:NeedBackoffUponAccess(0x556abb2188d0, 0x556abb1dcc50, 0, 1)
[link=0] ChannelAccessManager:UpdateBackoff(0x556abb2188d0)
[link=0] ChannelAccessManager:GetBackoffStartFor(0x556abb2188d0, 0x556abb1dcc50)
[link=0] ChannelAccessManager:GetAccessGrantStart(0x556abb2188d0)
[link=0] access grant start=+1.00065e+06us, rx access start=+1.00065e+06us, busy access start=+1.00025e+06us, tx access start=+10us, nav access start=+1.00065e+06us, switching access start=+10us
[link=0] Backoff start for AC BE NQOS: +1.00069e+06us
[link=0] dcf 0 dec backoff slots=0
[link=0] ChannelAccessManager:IsBusy(0x556abb2188d0)
[link=0] ChannelAccessManager:RequestAccess(0x556abb2188d0, 0x556abb1dcc50)
[link=0] ChannelAccessManager:GetAccessGrantStart(0x556abb2188d0)
[link=0] access grant start=+1.00065e+06us, rx access start=+1.00065e+06us, busy access start=+1.00025e+06us, tx access start=+10us, nav access start=+1.00065e+06us, switching access start=+10us
[link=0] ChannelAccessManager:UpdateBackoff(0x556abb2188d0)
[link=0] ChannelAccessManager:GetBackoffStartFor(0x556abb2188d0, 0x556abb1dcc50)
[link=0] ChannelAccessManager:GetAccessGrantStart(0x556abb2188d0)
[link=0] access grant start=+1.00065e+06us, rx access start=+1.00065e+06us, busy access start=+1.00025e+06us, tx access start=+10us, nav access start=+1.00065e+06us, switching access start=+10us
[link=0] Backoff start for AC BE NQOS: +2.00069e+06us
[link=0] ChannelAccessManager:DoGrantDcfAccess(0x556abb2188d0)
[link=0] ChannelAccessManager:GetBackoffEndFor(0x556abb2188d0, 0x556abb1dcc50)
[link=0] ChannelAccessManager:GetBackoffStartFor(0x556abb2188d0, 0x556abb1dcc50)
[link=0] ChannelAccessManager:GetAccessGrantStart(0x556abb2188d0)
[link=0] access grant start=+1.00065e+06us, rx access start=+1.00065e+06us, busy access start=+1.00025e+06us, tx access start=+10us, nav access start=+1.00065e+06us, switching access start=+10us
[link=0] Backoff start for AC BE NQOS: +2.00069e+06us
[link=0] Backoff end for AC BE NQOS: +2.00069e+06us
[link=0] ChannelAccessManager:DoRestartAccessTimeoutIfNeeded(0x556abb2188d0)
[link=0] ChannelAccessManager:GetBackoffEndFor(0x556abb2188d0, 0x556abb1dcc50)
[link=0] ChannelAccessManager:GetBackoffStartFor(0x556abb2188d0, 0x556abb1dcc50)
[link=0] ChannelAccessManager:GetAccessGrantStart(0x556abb2188d0)
[link=0] access grant start=+1.00065e+06us, rx access start=+1.00065e+06us, busy access start=+1.00025e+06us, tx access start=+10us, nav access start=+1.00065e+06us, switching access start=+10us
[link=0] Backoff start for AC BE NQOS: +2.00069e+06us
[link=0] Backoff end for AC BE NQOS: +2.00069e+06us
[link=0] Access timeout needed: true
[link=0] expected backoff end=+2.00069e+09ns
[link=0] ChannelAccessManager:AccessTimeout(0x556abb1df340)
[link=0] ChannelAccessManager:UpdateBackoff(0x556abb1df340)
[link=0] ChannelAccessManager:GetBackoffStartFor(0x556abb1df340, 0x556abb1dcb20)
[link=0] ChannelAccessManager:GetAccessGrantStart(0x556abb1df340)
[link=0] access grant start=+1.00065e+06us, rx access start=+1.00065e+06us, busy access start=+1.00025e+06us, tx access start=+10us, nav access start=+1.00065e+06us, switching access start=+10us
[link=0] Backoff start for AC BE NQOS: +2.00069e+06us
[link=0] dcf 0 dec backoff slots=0
[link=0] ChannelAccessManager:DoGrantDcfAccess(0x556abb1df340)
[link=0] ChannelAccessManager:GetBackoffEndFor(0x556abb1df340, 0x556abb1dcb20)
[link=0] ChannelAccessManager:GetBackoffStartFor(0x556abb1df340, 0x556abb1dcb20)
[link=0] ChannelAccessManager:GetAccessGrantStart(0x556abb1df340)
[link=0] access grant start=+1.00065e+06us, rx access start=+1.00065e+06us, busy access start=+1.00025e+06us, tx access start=+10us, nav access start=+1.00065e+06us, switching access start=+10us
[link=0] Backoff start for AC BE NQOS: +2.00069e+06us
[link=0] Backoff end for AC BE NQOS: +2.00069e+06us
[link=0] dcf 0 needs access. backoff expired. access granted. slots=0
[link=0][mac=00:00:00:00:00:02] FrameExchangeManager:StartTransmission(0x556abb1e04d0, 0x556abb1dcb20, 22)
[link=0][mac=00:00:00:00:00:02] MPDU payload size=22, to=ff:ff:ff:ff:ff:ff, seq=0
[link=0][mac=00:00:00:00:00:02] FrameExchangeManager:GetFirstFragmentIfNeeded(0x556abb1e04d0, DATA, payloadSize=22, to=ff:ff:ff:ff:ff:ff, seqN=0, duration/ID=+0ns, queued=true, residualLifetime=+499950us, inflight=false, packet=0x556abb2229e0)
[link=0][mac=00:00:00:00:00:02] FrameExchangeManager:SendMpduWithProtection(0x556abb1e04d0, DATA, payloadSize=22, to=ff:ff:ff:ff:ff:ff, seqN=0, duration/ID=+0ns, queued=true, residualLifetime=+499950us, inflight=false, packet=0x556abb2229e0, TXVECTOR=txpwrlvl: 0 preamble: LONG channel width: 22 GI: 800 NTx: 1 Ness: 0 MPDU aggregation: false STBC: false FEC coding: BCC mode: DsssRate1Mbps Nss: 1, Protection=NONE, Acknowledgment=NONE, PSDUs: [To=ff:ff:ff:ff:ff:ff, A-MSDU size=22, A-MPDU size=0])
[link=0][mac=00:00:00:00:00:02] FrameExchangeManager:StartProtection(0x556abb1e04d0, TXVECTOR=txpwrlvl: 0 preamble: LONG channel width: 22 GI: 800 NTx: 1 Ness: 0 MPDU aggregation: false STBC: false FEC coding: BCC mode: DsssRate1Mbps Nss: 1, Protection=NONE, Acknowledgment=NONE, PSDUs: [To=ff:ff:ff:ff:ff:ff, A-MSDU size=22, A-MPDU size=0])
[link=0][mac=00:00:00:00:00:02] FrameExchangeManager:ProtectionCompleted(0x556abb1e04d0)
[link=0][mac=00:00:00:00:00:02] FrameExchangeManager:SendMpdu(0x556abb1e04d0)
[link=0][mac=00:00:00:00:00:02] 0x556abb1e04d0DATA, payloadSize=22, to=ff:ff:ff:ff:ff:ff, seqN=0, duration/ID=+0ns, queued=true, residualLifetime=+499950us, inflight=true, packet=0x556abb2229e0
[link=0][mac=00:00:00:00:00:02] FrameExchangeManager:ForwardMpduDown(0x556abb1e04d0, DATA, payloadSize=22, to=ff:ff:ff:ff:ff:ff, seqN=0, duration/ID=+0ns, queued=false, packet=0x556abb2229e0, txpwrlvl: 0 preamble: LONG channel width: 22 GI: 800 NTx: 1 Ness: 0 MPDU aggregation: false STBC: false FEC coding: BCC mode: DsssRate1Mbps Nss: 1)
[link=0][mac=00:00:00:00:00:02] FrameExchangeManager:FinalizeMacHeader(0x556abb1e04d0, 0x556abb222570)
[index=0][channel=1][band=2.4GHz] PhyEntity:ObtainNextUid(0x556abb181bb0)
WifiPhyStateHelper:SwitchToTx(0x556abb1c6510, +592000ns, PSDU for STA_ID=65535 (size=50, normal MPDU (DATA, payloadSize=22, to=ff:ff:ff:ff:ff:ff, seqN=0, duration/ID=+0ns, queued=false, packet=0x556abb2229e0)) , 16.0206, txpwrlvl: 0 preamble: LONG channel width: 22 GI: 800 NTx: 1 Ness: 0 MPDU aggregation: false STBC: false FEC coding: BCC mode: DsssRate1Mbps Nss: 1)
WifiPhyStateHelper:LogPreviousIdleAndCcaBusyStates(0x556abb1c6510)
WifiPhyStateHelper:NotifyListeners(0x556abb1c6510)
[link=0] ChannelAccessManager:NotifyTxStartNow(0x556abb1df340, +592000ns)
[link=0] ChannelAccessManager:UpdateLastIdlePeriod(0x556abb1df340)
[link=0] New idle period (+1.00064s, +2.00069s) on channel PRIMARY
[link=0] tx start for +592000ns
[link=0] ChannelAccessManager:UpdateBackoff(0x556abb1df340)
[link=0] ChannelAccessManager:GetBackoffStartFor(0x556abb1df340, 0x556abb1dcb20)
[link=0] ChannelAccessManager:GetAccessGrantStart(0x556abb1df340)
[link=0] access grant start=+1.00065e+06us, rx access start=+1.00065e+06us, busy access start=+1.00025e+06us, tx access start=+10us, nav access start=+1.00065e+06us, switching access start=+10us
[link=0] Backoff start for AC BE NQOS: +2.00069e+06us
[link=0] dcf 0 dec backoff slots=0
[link=0] ChannelAccessManager:DoRestartAccessTimeoutIfNeeded(0x556abb1df340)
[link=0] Access timeout needed: false
[link=0] ChannelAccessManager:AccessTimeout(0x556abb2188d0)
[link=0] ChannelAccessManager:UpdateBackoff(0x556abb2188d0)
[link=0] ChannelAccessManager:GetBackoffStartFor(0x556abb2188d0, 0x556abb1dcc50)
[link=0] ChannelAccessManager:GetAccessGrantStart(0x556abb2188d0)
[link=0] access grant start=+1.00065e+06us, rx access start=+1.00065e+06us, busy access start=+1.00025e+06us, tx access start=+10us, nav access start=+1.00065e+06us, switching access start=+10us
[link=0] Backoff start for AC BE NQOS: +2.00069e+06us
[link=0] dcf 0 dec backoff slots=0
[link=0] ChannelAccessManager:DoGrantDcfAccess(0x556abb2188d0)
[link=0] ChannelAccessManager:GetBackoffEndFor(0x556abb2188d0, 0x556abb1dcc50)
[link=0] ChannelAccessManager:GetBackoffStartFor(0x556abb2188d0, 0x556abb1dcc50)
[link=0] ChannelAccessManager:GetAccessGrantStart(0x556abb2188d0)
[link=0] access grant start=+1.00065e+06us, rx access start=+1.00065e+06us, busy access start=+1.00025e+06us, tx access start=+10us, nav access start=+1.00065e+06us, switching access start=+10us
[link=0] Backoff start for AC BE NQOS: +2.00069e+06us
[link=0] Backoff end for AC BE NQOS: +2.00069e+06us
[link=0] dcf 0 needs access. backoff expired. access granted. slots=0
[link=0][mac=00:00:00:00:00:03] FrameExchangeManager:StartTransmission(0x556abb219a60, 0x556abb1dcc50, 22)
[link=0][mac=00:00:00:00:00:03] MPDU payload size=22, to=ff:ff:ff:ff:ff:ff, seq=0
[link=0][mac=00:00:00:00:00:03] FrameExchangeManager:GetFirstFragmentIfNeeded(0x556abb219a60, DATA, payloadSize=22, to=ff:ff:ff:ff:ff:ff, seqN=0, duration/ID=+0ns, queued=true, residualLifetime=+499950us, inflight=false, packet=0x556abb222d20)
[link=0][mac=00:00:00:00:00:03] FrameExchangeManager:SendMpduWithProtection(0x556abb219a60, DATA, payloadSize=22, to=ff:ff:ff:ff:ff:ff, seqN=0, duration/ID=+0ns, queued=true, residualLifetime=+499950us, inflight=false, packet=0x556abb222d20, TXVECTOR=txpwrlvl: 0 preamble: LONG channel width: 22 GI: 800 NTx: 1 Ness: 0 MPDU aggregation: false STBC: false FEC coding: BCC mode: DsssRate1Mbps Nss: 1, Protection=NONE, Acknowledgment=NONE, PSDUs: [To=ff:ff:ff:ff:ff:ff, A-MSDU size=22, A-MPDU size=0])
[link=0][mac=00:00:00:00:00:03] FrameExchangeManager:StartProtection(0x556abb219a60, TXVECTOR=txpwrlvl: 0 preamble: LONG channel width: 22 GI: 800 NTx: 1 Ness: 0 MPDU aggregation: false STBC: false FEC coding: BCC mode: DsssRate1Mbps Nss: 1, Protection=NONE, Acknowledgment=NONE, PSDUs: [To=ff:ff:ff:ff:ff:ff, A-MSDU size=22, A-MPDU size=0])
[link=0][mac=00:00:00:00:00:03] FrameExchangeManager:ProtectionCompleted(0x556abb219a60)
[link=0][mac=00:00:00:00:00:03] FrameExchangeManager:SendMpdu(0x556abb219a60)
[link=0][mac=00:00:00:00:00:03] 0x556abb219a60DATA, payloadSize=22, to=ff:ff:ff:ff:ff:ff, seqN=0, duration/ID=+0ns, queued=true, residualLifetime=+499950us, inflight=true, packet=0x556abb222d20
[link=0][mac=00:00:00:00:00:03] FrameExchangeManager:ForwardMpduDown(0x556abb219a60, DATA, payloadSize=22, to=ff:ff:ff:ff:ff:ff, seqN=0, duration/ID=+0ns, queued=false, packet=0x556abb222d20, txpwrlvl: 0 preamble: LONG channel width: 22 GI: 800 NTx: 1 Ness: 0 MPDU aggregation: false STBC: false FEC coding: BCC mode: DsssRate1Mbps Nss: 1)
[link=0][mac=00:00:00:00:00:03] FrameExchangeManager:FinalizeMacHeader(0x556abb219a60, 0x556abb223540)
[index=0][channel=1][band=2.4GHz] PhyEntity:ObtainNextUid(0x556abb1dfdd0)
WifiPhyStateHelper:SwitchToTx(0x556abb1c67d0, +592000ns, PSDU for STA_ID=65535 (size=50, normal MPDU (DATA, payloadSize=22, to=ff:ff:ff:ff:ff:ff, seqN=0, duration/ID=+0ns, queued=false, packet=0x556abb222d20)) , 16.0206, txpwrlvl: 0 preamble: LONG channel width: 22 GI: 800 NTx: 1 Ness: 0 MPDU aggregation: false STBC: false FEC coding: BCC mode: DsssRate1Mbps Nss: 1)
WifiPhyStateHelper:LogPreviousIdleAndCcaBusyStates(0x556abb1c67d0)
WifiPhyStateHelper:NotifyListeners(0x556abb1c67d0)
[link=0] ChannelAccessManager:NotifyTxStartNow(0x556abb2188d0, +592000ns)
[link=0] ChannelAccessManager:UpdateLastIdlePeriod(0x556abb2188d0)
[link=0] New idle period (+1.00064s, +2.00069s) on channel PRIMARY
[link=0] tx start for +592000ns
[link=0] ChannelAccessManager:UpdateBackoff(0x556abb2188d0)
[link=0] ChannelAccessManager:GetBackoffStartFor(0x556abb2188d0, 0x556abb1dcc50)
[link=0] ChannelAccessManager:GetAccessGrantStart(0x556abb2188d0)
[link=0] access grant start=+1.00065e+06us, rx access start=+1.00065e+06us, busy access start=+1.00025e+06us, tx access start=+10us, nav access start=+1.00065e+06us, switching access start=+10us
[link=0] Backoff start for AC BE NQOS: +2.00069e+06us
[link=0] dcf 0 dec backoff slots=0
[link=0] ChannelAccessManager:DoRestartAccessTimeoutIfNeeded(0x556abb2188d0)
[link=0] Access timeout needed: false
[index=0][channel=1][band=2.4GHz] PhyEntity:StartReceivePreamble(0x556abb1cf9e0, [ preamble=LONG, modulation=DSSS, truncatedTx=N, UID=1, PSDU=0x556abb222570 ], 1.32342e-09)
[index=0][channel=1][band=2.4GHz] PhyEntity:AddPreambleEvent(0x556abb1cf9e0, start=+2.00069e+09ns, end=+2.00128e+09ns, power=1.32342e-09W, PPDU=[ preamble=LONG, modulation=DSSS, truncatedTx=N, UID=1, PSDU=0x556abb222570 ])
[index=0][channel=1][band=2.4GHz] PhyEntity:StartPreambleDetectionPeriod(0x556abb1cf9e0, start=+2.00069e+09ns, end=+2.00128e+09ns, power=1.32342e-09W, PPDU=[ preamble=LONG, modulation=DSSS, truncatedTx=N, UID=1, PSDU=0x556abb222570 ])
[index=0][channel=1][band=2.4GHz] Sync to signal (power=-58.783dBm)
[index=0][channel=1][band=2.4GHz] PhyEntity:StartReceivePreamble(0x556abb1dfdd0, [ preamble=LONG, modulation=DSSS, truncatedTx=N, UID=1, PSDU=0x556abb222570 ], 1.32342e-09)
[index=0][channel=1][band=2.4GHz] PhyEntity:AddPreambleEvent(0x556abb1dfdd0, start=+2.00069e+09ns, end=+2.00128e+09ns, power=1.32342e-09W, PPDU=[ preamble=LONG, modulation=DSSS, truncatedTx=N, UID=1, PSDU=0x556abb222570 ])
[index=0][channel=1][band=2.4GHz] Drop packet because already in Tx
[index=0][channel=1][band=2.4GHz] PhyEntity:DropPreambleEvent(0x556abb1dfdd0, [ preamble=LONG, modulation=DSSS, truncatedTx=N, UID=1, PSDU=0x556abb222570 ], TXING, +2.00128e+09ns)
[index=0][channel=1][band=2.4GHz] PhyEntity:GetCcaIndication(0x556abb1dfdd0, 20)
[index=0][channel=1][band=2.4GHz] CCA busy for PRIMARY during +0.000592s
WifiPhyStateHelper:SwitchMaybeToCcaBusy(0x556abb1c67d0, +592000ns, PRIMARY)
WifiPhyStateHelper:NotifyListeners(0x556abb1c67d0)
[link=0] ChannelAccessManager:NotifyCcaBusyStartNow(0x556abb2188d0, +592000ns, PRIMARY)
[link=0] ChannelAccessManager:UpdateBackoff(0x556abb2188d0)
[link=0] ChannelAccessManager:GetBackoffStartFor(0x556abb2188d0, 0x556abb1dcc50)
[link=0] ChannelAccessManager:GetAccessGrantStart(0x556abb2188d0)
[link=0] access grant start=+2.00129e+06us, rx access start=+1.00065e+06us, busy access start=+1.00025e+06us, tx access start=+2.00129e+06us, nav access start=+1.00065e+06us, switching access start=+10us
[link=0] Backoff start for AC BE NQOS: +2.00133e+06us
[link=0] ChannelAccessManager:UpdateLastIdlePeriod(0x556abb2188d0)
[index=0][channel=1][band=2.4GHz] PhyEntity:StartReceivePreamble(0x556abb1cf9e0, [ preamble=LONG, modulation=DSSS, truncatedTx=N, UID=2, PSDU=0x556abb223540 ], 1.32342e-09)
[index=0][channel=1][band=2.4GHz] PhyEntity:AddPreambleEvent(0x556abb1cf9e0, start=+2.00069e+09ns, end=+2.00128e+09ns, power=1.32342e-09W, PPDU=[ preamble=LONG, modulation=DSSS, truncatedTx=N, UID=2, PSDU=0x556abb223540 ])
[index=0][channel=1][band=2.4GHz] PhyEntity:StartPreambleDetectionPeriod(0x556abb1cf9e0, start=+2.00069e+09ns, end=+2.00128e+09ns, power=1.32342e-09W, PPDU=[ preamble=LONG, modulation=DSSS, truncatedTx=N, UID=2, PSDU=0x556abb223540 ])
[index=0][channel=1][band=2.4GHz] Sync to signal (power=-58.783dBm)
[index=0][channel=1][band=2.4GHz] PhyEntity:StartReceivePreamble(0x556abb181bb0, [ preamble=LONG, modulation=DSSS, truncatedTx=N, UID=2, PSDU=0x556abb223540 ], 1.32342e-09)
[index=0][channel=1][band=2.4GHz] PhyEntity:AddPreambleEvent(0x556abb181bb0, start=+2.00069e+09ns, end=+2.00128e+09ns, power=1.32342e-09W, PPDU=[ preamble=LONG, modulation=DSSS, truncatedTx=N, UID=2, PSDU=0x556abb223540 ])
[index=0][channel=1][band=2.4GHz] Drop packet because already in Tx
[index=0][channel=1][band=2.4GHz] PhyEntity:DropPreambleEvent(0x556abb181bb0, [ preamble=LONG, modulation=DSSS, truncatedTx=N, UID=2, PSDU=0x556abb223540 ], TXING, +2.00128e+09ns)
[index=0][channel=1][band=2.4GHz] PhyEntity:GetCcaIndication(0x556abb181bb0, 20)
[index=0][channel=1][band=2.4GHz] CCA busy for PRIMARY during +0.000592s
WifiPhyStateHelper:SwitchMaybeToCcaBusy(0x556abb1c6510, +592000ns, PRIMARY)
WifiPhyStateHelper:NotifyListeners(0x556abb1c6510)
[link=0] ChannelAccessManager:NotifyCcaBusyStartNow(0x556abb1df340, +592000ns, PRIMARY)
[link=0] ChannelAccessManager:UpdateBackoff(0x556abb1df340)
[link=0] ChannelAccessManager:GetBackoffStartFor(0x556abb1df340, 0x556abb1dcb20)
[link=0] ChannelAccessManager:GetAccessGrantStart(0x556abb1df340)
[link=0] access grant start=+2.00129e+06us, rx access start=+1.00065e+06us, busy access start=+1.00025e+06us, tx access start=+2.00129e+06us, nav access start=+1.00065e+06us, switching access start=+10us
[link=0] Backoff start for AC BE NQOS: +2.00133e+06us
[link=0] ChannelAccessManager:UpdateLastIdlePeriod(0x556abb1df340)
[index=0][channel=1][band=2.4GHz] PhyEntity:EndPreambleDetectionPeriod(0x556abb1cf9e0, start=+2.00069e+09ns, end=+2.00128e+09ns, power=1.32342e-09W, PPDU=[ preamble=LONG, modulation=DSSS, truncatedTx=N, UID=1, PSDU=0x556abb222570 ])
[index=0][channel=1][band=2.4GHz] SNR(dB)=-0.0013165 at end of preamble detection period
[index=0][channel=1][band=2.4GHz] Drop packet because PHY preamble detection failed
[index=0][channel=1][band=2.4GHz] PhyEntity:DropPreambleEvent(0x556abb1cf9e0, [ preamble=LONG, modulation=DSSS, truncatedTx=N, UID=1, PSDU=0x556abb222570 ], PREAMBLE_DETECT_FAILURE, +2.00128e+09ns)
[index=0][channel=1][band=2.4GHz] PhyEntity:GetCcaIndication(0x556abb1cf9e0, 20)
[index=0][channel=1][band=2.4GHz] CCA busy for PRIMARY during +0.000588s
WifiPhyStateHelper:SwitchMaybeToCcaBusy(0x556abb1c6670, +588000ns, PRIMARY)
WifiPhyStateHelper:NotifyListeners(0x556abb1c6670)
[link=0] ChannelAccessManager:NotifyCcaBusyStartNow(0x556abb1db3e0, +588000ns, PRIMARY)
[link=0] ChannelAccessManager:UpdateBackoff(0x556abb1db3e0)
[link=0] ChannelAccessManager:GetBackoffStartFor(0x556abb1db3e0, 0x556abb1e8b00)
[link=0] ChannelAccessManager:GetAccessGrantStart(0x556abb1db3e0)
[link=0] access grant start=+1.00065e+06us, rx access start=+10us, busy access start=+10us, tx access start=+1.00065e+06us, nav access start=+10us, switching access start=+10us
[link=0] Backoff start for AC BE NQOS: +1.00069e+06us
[link=0] dcf 0 dec backoff slots=16
[link=0] ChannelAccessManager:UpdateLastIdlePeriod(0x556abb1db3e0)
[link=0] New idle period (+1.00064s, +2.0007s) on channel PRIMARY
WifiPhyStateHelper:LogPreviousIdleAndCcaBusyStates(0x556abb1c6670)
[index=0][channel=1][band=2.4GHz] PhyEntity:EndPreambleDetectionPeriod(0x556abb1cf9e0, start=+2.00069e+09ns, end=+2.00128e+09ns, power=1.32342e-09W, PPDU=[ preamble=LONG, modulation=DSSS, truncatedTx=N, UID=2, PSDU=0x556abb223540 ])
[index=0][channel=1][band=2.4GHz] SNR(dB)=-0.0013165 at end of preamble detection period
[index=0][channel=1][band=2.4GHz] Drop packet because PHY preamble detection failed
[index=0][channel=1][band=2.4GHz] PhyEntity:DropPreambleEvent(0x556abb1cf9e0, [ preamble=LONG, modulation=DSSS, truncatedTx=N, UID=2, PSDU=0x556abb223540 ], PREAMBLE_DETECT_FAILURE, +2.00128e+09ns)
[link=0][mac=00:00:00:00:00:02] FrameExchangeManager:TransmissionSucceeded(0x556abb1e04d0)
[link=0][mac=00:00:00:00:00:02] FrameExchangeManager:NotifyChannelReleased(0x556abb1e04d0, 0x556abb1dcb20)
[index=0][channel=1][band=2.4GHz] PhyEntity:CancelAllEvents(0x556abb181bb0)
[index=0][channel=1][band=2.4GHz] PhyEntity:CancelRunningEndPreambleDetectionEvents(0x556abb181bb0)
[index=0][channel=1][band=2.4GHz] PhyEntity:CancelAllEvents(0x556abb181bb0)
[index=0][channel=1][band=2.4GHz] PhyEntity:CancelRunningEndPreambleDetectionEvents(0x556abb181bb0)
[index=0][channel=1][band=2.4GHz] PhyEntity:GetCcaIndication(0x556abb181bb0, 22)
[index=0][channel=1][band=2.4GHz] CCA busy for PRIMARY during +2.9e-08s
WifiPhyStateHelper:SwitchMaybeToCcaBusy(0x556abb1c6510, +29ns, PRIMARY)
WifiPhyStateHelper:NotifyListeners(0x556abb1c6510)
[link=0] ChannelAccessManager:NotifyCcaBusyStartNow(0x556abb1df340, +29ns, PRIMARY)
[link=0] ChannelAccessManager:UpdateBackoff(0x556abb1df340)
[link=0] ChannelAccessManager:GetBackoffStartFor(0x556abb1df340, 0x556abb1dcb20)
[link=0] ChannelAccessManager:GetAccessGrantStart(0x556abb1df340)
[link=0] access grant start=+2.00129e+06us, rx access start=+1.00065e+06us, busy access start=+2.00129e+06us, tx access start=+2.00129e+06us, nav access start=+1.00065e+06us, switching access start=+10us
[link=0] Backoff start for AC BE NQOS: +2.00133e+06us
[link=0] ChannelAccessManager:UpdateLastIdlePeriod(0x556abb1df340)
[link=0][mac=00:00:00:00:00:03] FrameExchangeManager:TransmissionSucceeded(0x556abb219a60)
[link=0][mac=00:00:00:00:00:03] FrameExchangeManager:NotifyChannelReleased(0x556abb219a60, 0x556abb1dcc50)
[index=0][channel=1][band=2.4GHz] PhyEntity:CancelAllEvents(0x556abb1dfdd0)
[index=0][channel=1][band=2.4GHz] PhyEntity:CancelRunningEndPreambleDetectionEvents(0x556abb1dfdd0)
[index=0][channel=1][band=2.4GHz] PhyEntity:CancelAllEvents(0x556abb1dfdd0)
[index=0][channel=1][band=2.4GHz] PhyEntity:CancelRunningEndPreambleDetectionEvents(0x556abb1dfdd0)
[index=0][channel=1][band=2.4GHz] PhyEntity:GetCcaIndication(0x556abb1dfdd0, 22)
[index=0][channel=1][band=2.4GHz] CCA busy for PRIMARY during +2.9e-08s
WifiPhyStateHelper:SwitchMaybeToCcaBusy(0x556abb1c67d0, +29ns, PRIMARY)
WifiPhyStateHelper:NotifyListeners(0x556abb1c67d0)
[link=0] ChannelAccessManager:NotifyCcaBusyStartNow(0x556abb2188d0, +29ns, PRIMARY)
[link=0] ChannelAccessManager:UpdateBackoff(0x556abb2188d0)
[link=0] ChannelAccessManager:GetBackoffStartFor(0x556abb2188d0, 0x556abb1dcc50)
[link=0] ChannelAccessManager:GetAccessGrantStart(0x556abb2188d0)
[link=0] access grant start=+2.00129e+06us, rx access start=+1.00065e+06us, busy access start=+2.00129e+06us, tx access start=+2.00129e+06us, nav access start=+1.00065e+06us, switching access start=+10us
[link=0] Backoff start for AC BE NQOS: +2.00133e+06us
[link=0] ChannelAccessManager:UpdateLastIdlePeriod(0x556abb2188d0)
[link=0] ChannelAccessManager:DoDispose(0x556abb1db3e0)
[link=0][mac=00:00:00:00:00:01] FrameExchangeManager:DoDispose(0x556abb1dc3f0)
[link=0][mac=00:00:00:00:00:01] FrameExchangeManager:Reset(0x556abb1dc3f0)
[link=0][mac=00:00:00:00:00:01] FrameExchangeManager:ResetPhy(0x556abb1dc3f0)
[link=0][mac=00:00:00:00:00:01] FrameExchangeManager:~FrameExchangeManager()
[link=0] ChannelAccessManager:~ChannelAccessManager(0x556abb1db3e0)
[index=0][channel=1][band=2.4GHz] PhyEntity:CancelAllEvents(0x556abb1cf9e0)
[index=0][channel=1][band=2.4GHz] PhyEntity:CancelRunningEndPreambleDetectionEvents(0x556abb1cf9e0)
[index=0][channel=1][band=2.4GHz] PhyEntity:CancelAllEvents(0x556abb1cf9e0)
[index=0][channel=1][band=2.4GHz] PhyEntity:CancelRunningEndPreambleDetectionEvents(0x556abb1cf9e0)
[index=0][channel=1][band=2.4GHz] PhyEntity:~PhyEntity(0x556abb1cf9e0)
[index=0][channel=1][band=2.4GHz] PhyEntity:CancelAllEvents(0x556abb1cf9e0)
[index=0][channel=1][band=2.4GHz] PhyEntity:CancelRunningEndPreambleDetectionEvents(0x556abb1cf9e0)
[link=0] ChannelAccessManager:DoDispose(0x556abb1df340)
[link=0][mac=00:00:00:00:00:02] FrameExchangeManager:DoDispose(0x556abb1e04d0)
[link=0][mac=00:00:00:00:00:02] FrameExchangeManager:Reset(0x556abb1e04d0)
[link=0][mac=00:00:00:00:00:02] FrameExchangeManager:ResetPhy(0x556abb1e04d0)
[link=0][mac=00:00:00:00:00:02] FrameExchangeManager:~FrameExchangeManager()
[link=0] ChannelAccessManager:~ChannelAccessManager(0x556abb1df340)
[index=0][channel=1][band=2.4GHz] PhyEntity:CancelAllEvents(0x556abb181bb0)
[index=0][channel=1][band=2.4GHz] PhyEntity:CancelRunningEndPreambleDetectionEvents(0x556abb181bb0)
[index=0][channel=1][band=2.4GHz] PhyEntity:CancelAllEvents(0x556abb181bb0)
[index=0][channel=1][band=2.4GHz] PhyEntity:CancelRunningEndPreambleDetectionEvents(0x556abb181bb0)
[index=0][channel=1][band=2.4GHz] PhyEntity:~PhyEntity(0x556abb181bb0)
[index=0][channel=1][band=2.4GHz] PhyEntity:CancelAllEvents(0x556abb181bb0)
[index=0][channel=1][band=2.4GHz] PhyEntity:CancelRunningEndPreambleDetectionEvents(0x556abb181bb0)
[link=0] ChannelAccessManager:DoDispose(0x556abb2188d0)
[link=0][mac=00:00:00:00:00:03] FrameExchangeManager:DoDispose(0x556abb219a60)
[link=0][mac=00:00:00:00:00:03] FrameExchangeManager:Reset(0x556abb219a60)
[link=0][mac=00:00:00:00:00:03] FrameExchangeManager:ResetPhy(0x556abb219a60)
[link=0][mac=00:00:00:00:00:03] FrameExchangeManager:~FrameExchangeManager()
[link=0] ChannelAccessManager:~ChannelAccessManager(0x556abb2188d0)
[index=0][channel=1][band=2.4GHz] PhyEntity:CancelAllEvents(0x556abb1dfdd0)
[index=0][channel=1][band=2.4GHz] PhyEntity:CancelRunningEndPreambleDetectionEvents(0x556abb1dfdd0)
[index=0][channel=1][band=2.4GHz] PhyEntity:CancelAllEvents(0x556abb1dfdd0)
[index=0][channel=1][band=2.4GHz] PhyEntity:CancelRunningEndPreambleDetectionEvents(0x556abb1dfdd0)
[index=0][channel=1][band=2.4GHz] PhyEntity:~PhyEntity(0x556abb1dfdd0)
[index=0][channel=1][band=2.4GHz] PhyEntity:CancelAllEvents(0x556abb1dfdd0)
[index=0][channel=1][band=2.4GHz] PhyEntity:CancelRunningEndPreambleDetectionEvents(0x556abb1dfdd0)
PhyEntity:~PhyEntity(0x556abb1d1010)
PhyEntity:CancelAllEvents(0x556abb1d1010)
PhyEntity:CancelRunningEndPreambleDetectionEvents(0x556abb1d1010)
PhyEntity:~PhyEntity(0x556abb19df90)
PhyEntity:CancelAllEvents(0x556abb19df90)
PhyEntity:CancelRunningEndPreambleDetectionEvents(0x556abb19df90)
PhyEntity:~PhyEntity(0x556abb183310)
PhyEntity:CancelAllEvents(0x556abb183310)
PhyEntity:CancelRunningEndPreambleDetectionEvents(0x556abb183310)
PhyEntity:~PhyEntity(0x556abb18fd60)
PhyEntity:CancelAllEvents(0x556abb18fd60)
PhyEntity:CancelRunningEndPreambleDetectionEvents(0x556abb18fd60)
PhyEntity:~PhyEntity(0x556abb197120)
PhyEntity:CancelAllEvents(0x556abb197120)
PhyEntity:CancelRunningEndPreambleDetectionEvents(0x556abb197120)
PhyEntity:~PhyEntity(0x556abb181a30)
PhyEntity:CancelAllEvents(0x556abb181a30)
PhyEntity:CancelRunningEndPreambleDetectionEvents(0x556abb181a30)
PhyEntity:~PhyEntity(0x556abb1ea590)
PhyEntity:CancelAllEvents(0x556abb1ea590)
PhyEntity:CancelRunningEndPreambleDetectionEvents(0x556abb1ea590)
